#
# There is insufficient memory for the Java Runtime Environment to continue.
# Native memory allocation (mmap) failed to map 23068672 bytes for G1 virtual space
# Possible reasons:
#   The system is out of physical RAM or swap space
#   The process is running with CompressedOops enabled, and the Java Heap may be blocking the growth of the native heap
# Possible solutions:
#   Reduce memory load on the system
#   Increase physical memory or swap space
#   Check if swap backing store is full
#   Decrease Java heap size (-Xmx/-Xms)
#   Decrease number of Java threads
#   Decrease Java thread stack sizes (-Xss)
#   Set larger code cache with -XX:ReservedCodeCacheSize=
#   JVM is running with Zero Based Compressed Oops mode in which the Java heap is
#     placed in the first 32GB address space. The Java Heap base address is the
#     maximum limit for the native heap growth. Please use -XX:HeapBaseMinAddress
#     to set the Java Heap base and to place the Java Heap above 32GB virtual address.
# This output file may be truncated or incomplete.
#
#  Out of Memory Error (os_windows.cpp:3769), pid=16328, tid=3340
#
# JRE version: OpenJDK Runtime Environment (17.0.6) (build 17.0.6+0-b2043.56-10027231)
# Java VM: OpenJDK 64-Bit Server VM (17.0.6+0-b2043.56-10027231, mixed mode, tiered, compressed oops, compressed class ptrs, g1 gc, windows-amd64)
# No core dump will be written. Minidumps are not enabled by default on client versions of Windows
#

---------------  S U M M A R Y ------------

Command Line: org.jetbrains.kotlin.cli.jvm.K2JVMCompiler @C:\Users\ramil\AndroidStudioProjects\Apllications\BarApp\app\build\20240204_11825625058397567126.compiler.options

Host: Intel(R) Pentium(R) Gold 7505 @ 2.00GHz, 4 cores, 15G,  Windows 10 , 64 bit Build 19041 (10.0.19041.782)
Time: Sun Feb  4 05:38:03 2024 RTZ 2 (s 10 , 64 bit Build 19041 (10.0.19041.782) elapsed time: 22.144385 seconds (0d 0h 0m 22s)

---------------  T H R E A D  ---------------

Current thread (0x0000027b6b078e80):  VMThread "VM Thread" [stack: 0x000000bbed000000,0x000000bbed100000] [id=3340]

Stack: [0x000000bbed000000,0x000000bbed100000]
Native frames: (J=compiled Java code, j=interpreted, Vv=VM code, C=native code)
V  [jvm.dll+0x683c9a]
V  [jvm.dll+0x8427a4]
V  [jvm.dll+0x843f9e]
V  [jvm.dll+0x844603]
V  [jvm.dll+0x249b75]
V  [jvm.dll+0x680b69]
V  [jvm.dll+0x67505a]
V  [jvm.dll+0x309acb]
V  [jvm.dll+0x310f86]
V  [jvm.dll+0x3608ee]
V  [jvm.dll+0x360b1f]
V  [jvm.dll+0x2dfbf8]
V  [jvm.dll+0x2ddec4]
V  [jvm.dll+0x2dd4cc]
V  [jvm.dll+0x321f3b]
V  [jvm.dll+0x848ccb]
V  [jvm.dll+0x849a04]
V  [jvm.dll+0x849f1d]
V  [jvm.dll+0x84a2f4]
V  [jvm.dll+0x84a3c0]
V  [jvm.dll+0x7f274a]
V  [jvm.dll+0x682ad5]
C  [ucrtbase.dll+0x21bb2]
C  [KERNEL32.DLL+0x17034]
C  [ntdll.dll+0x4d241]

VM_Operation (0x000000bbecafd250): G1CollectForAllocation, mode: safepoint, requested by thread 0x0000027b4b20acc0


---------------  P R O C E S S  ---------------

Threads class SMR info:
_java_thread_list=0x0000027b6ec4e000, length=13, elements={
0x0000027b4b20acc0, 0x0000027b6bc42260, 0x0000027b6bc435b0, 0x0000027b6b07d030,
0x0000027b6b07dff0, 0x0000027b6b07e9a0, 0x0000027b6bc75760, 0x0000027b6bc8cf70,
0x0000027b6bc8e100, 0x0000027b6bc8f6a0, 0x0000027b6bdeb780, 0x0000027b6bdea910,
0x0000027b6c644f90
}

Java Threads: ( => current thread )
  0x0000027b4b20acc0 JavaThread "main" [_thread_blocked, id=17576, stack(0x000000bbeca00000,0x000000bbecb00000)]
  0x0000027b6bc42260 JavaThread "Reference Handler" daemon [_thread_blocked, id=3452, stack(0x000000bbed100000,0x000000bbed200000)]
  0x0000027b6bc435b0 JavaThread "Finalizer" daemon [_thread_blocked, id=2384, stack(0x000000bbed200000,0x000000bbed300000)]
  0x0000027b6b07d030 JavaThread "Signal Dispatcher" daemon [_thread_blocked, id=9464, stack(0x000000bbed300000,0x000000bbed400000)]
  0x0000027b6b07dff0 JavaThread "Attach Listener" daemon [_thread_blocked, id=10260, stack(0x000000bbed400000,0x000000bbed500000)]
  0x0000027b6b07e9a0 JavaThread "Service Thread" daemon [_thread_blocked, id=5288, stack(0x000000bbed500000,0x000000bbed600000)]
  0x0000027b6bc75760 JavaThread "Monitor Deflation Thread" daemon [_thread_blocked, id=9956, stack(0x000000bbed600000,0x000000bbed700000)]
  0x0000027b6bc8cf70 JavaThread "C2 CompilerThread0" daemon [_thread_blocked, id=18056, stack(0x000000bbed700000,0x000000bbed800000)]
  0x0000027b6bc8e100 JavaThread "C1 CompilerThread0" daemon [_thread_blocked, id=18316, stack(0x000000bbed800000,0x000000bbed900000)]
  0x0000027b6bc8f6a0 JavaThread "Sweeper thread" daemon [_thread_blocked, id=3388, stack(0x000000bbed900000,0x000000bbeda00000)]
  0x0000027b6bdeb780 JavaThread "Notification Thread" daemon [_thread_blocked, id=13824, stack(0x000000bbeda00000,0x000000bbedb00000)]
  0x0000027b6bdea910 JavaThread "Common-Cleaner" daemon [_thread_blocked, id=2588, stack(0x000000bbedc00000,0x000000bbedd00000)]
  0x0000027b6c644f90 JavaThread "C2 CompilerThread1" daemon [_thread_blocked, id=11880, stack(0x000000bbedd00000,0x000000bbede00000)]

Other Threads:
=>0x0000027b6b078e80 VMThread "VM Thread" [stack: 0x000000bbed000000,0x000000bbed100000] [id=3340]
  0x0000027b6bdeda60 WatcherThread [stack: 0x000000bbedb00000,0x000000bbedc00000] [id=13552]
  0x0000027b4b279e80 GCTaskThread "GC Thread#0" [stack: 0x000000bbecb00000,0x000000bbecc00000] [id=9228]
  0x0000027b6c213fe0 GCTaskThread "GC Thread#1" [stack: 0x000000bbede00000,0x000000bbedf00000] [id=12668]
  0x0000027b6c214290 GCTaskThread "GC Thread#2" [stack: 0x000000bbedf00000,0x000000bbee000000] [id=1528]
  0x0000027b6c222100 GCTaskThread "GC Thread#3" [stack: 0x000000bbee000000,0x000000bbee100000] [id=12588]
  0x0000027b4b28a840 ConcurrentGCThread "G1 Main Marker" [stack: 0x000000bbecc00000,0x000000bbecd00000] [id=16276]
  0x0000027b4b28b250 ConcurrentGCThread "G1 Conc#0" [stack: 0x000000bbecd00000,0x000000bbece00000] [id=15764]
  0x0000027b6af024d0 ConcurrentGCThread "G1 Refine#0" [stack: 0x000000bbece00000,0x000000bbecf00000] [id=6760]
  0x0000027b6deddd80 ConcurrentGCThread "G1 Refine#1" [stack: 0x000000bbee100000,0x000000bbee200000] [id=6336]
  0x0000027b6af02ef0 ConcurrentGCThread "G1 Service" [stack: 0x000000bbecf00000,0x000000bbed000000] [id=6564]

Threads with active compile tasks:
C1 CompilerThread0    22154 19802       3       org.jetbrains.kotlin.backend.jvm.codegen.ExpressionCodegen::visitCall (1244 bytes)
C2 CompilerThread1    22154 19808       4       org.jetbrains.kotlin.resolve.jvm.JvmClassName::byClassId (87 bytes)

VM state: at safepoint (normal execution)

VM Mutex/Monitor currently owned by a thread:  ([mutex/lock_event])
[0x0000027b4b2074e0] Threads_lock - owner thread: 0x0000027b6b078e80
[0x0000027b4b206d90] Heap_lock - owner thread: 0x0000027b4b20acc0

Heap address: 0x0000000705800000, size: 4008 MB, Compressed Oops mode: Zero based, Oop shift amount: 3

CDS archive(s) not mapped
Compressed class space mapped at: 0x0000000800000000-0x0000000840000000, reserved size: 1073741824
Narrow klass base: 0x0000000800000000, Narrow klass shift: 0, Narrow klass range: 0x40000000

GC Precious Log:
 CPUs: 4 total, 4 available
 Memory: 16025M
 Large Page Support: Disabled
 NUMA Support: Disabled
 Compressed Oops: Enabled (Zero based)
 Heap Region Size: 2M
 Heap Min Capacity: 8M
 Heap Initial Capacity: 252M
 Heap Max Capacity: 4008M
 Pre-touch: Disabled
 Parallel Workers: 4
 Concurrent Workers: 1
 Concurrent Refinement Workers: 4
 Periodic GC: Disabled

Heap:
 garbage-first heap   total 258048K, used 131820K [0x0000000705800000, 0x0000000800000000)
  region size 2048K, 1 young (2048K), 1 survivors (2048K)
 Metaspace       used 95763K, committed 96192K, reserved 1138688K
  class space    used 10392K, committed 10560K, reserved 1048576K

Heap Regions: E=young(eden), S=young(survivor), O=old, HS=humongous(starts), HC=humongous(continues), CS=collection set, F=free, OA=open archive, CA=closed archive, TAMS=top-at-mark-start (previous, next)
|   0|0x0000000705800000, 0x0000000705a00000, 0x0000000705a00000|100%|HS|  |TAMS 0x0000000705a00000, 0x0000000705800000| Complete 
|   1|0x0000000705a00000, 0x0000000705c00000, 0x0000000705c00000|100%|HC|  |TAMS 0x0000000705c00000, 0x0000000705a00000| Complete 
|   2|0x0000000705c00000, 0x0000000705e00000, 0x0000000705e00000|100%| O|  |TAMS 0x0000000705e00000, 0x0000000705c00000| Untracked 
|   3|0x0000000705e00000, 0x0000000706000000, 0x0000000706000000|100%|HS|  |TAMS 0x0000000706000000, 0x0000000705e00000| Complete 
|   4|0x0000000706000000, 0x0000000706200000, 0x0000000706200000|100%|HS|  |TAMS 0x0000000706200000, 0x0000000706000000| Complete 
|   5|0x0000000706200000, 0x0000000706400000, 0x0000000706400000|100%|HC|  |TAMS 0x0000000706400000, 0x0000000706200000| Complete 
|   6|0x0000000706400000, 0x0000000706600000, 0x0000000706600000|100%| O|  |TAMS 0x0000000706600000, 0x0000000706400000| Untracked 
|   7|0x0000000706600000, 0x0000000706800000, 0x0000000706800000|100%| O|  |TAMS 0x0000000706800000, 0x0000000706600000| Untracked 
|   8|0x0000000706800000, 0x0000000706a00000, 0x0000000706a00000|100%| O|  |TAMS 0x0000000706a00000, 0x0000000706800000| Untracked 
|   9|0x0000000706a00000, 0x0000000706c00000, 0x0000000706c00000|100%| O|  |TAMS 0x0000000706c00000, 0x0000000706a00000| Untracked 
|  10|0x0000000706c00000, 0x0000000706e00000, 0x0000000706e00000|100%| O|  |TAMS 0x0000000706c00000, 0x0000000706c00000| Untracked 
|  11|0x0000000706e00000, 0x0000000707000000, 0x0000000707000000|100%| O|  |TAMS 0x0000000707000000, 0x0000000706e00000| Untracked 
|  12|0x0000000707000000, 0x0000000707200000, 0x0000000707200000|100%| O|  |TAMS 0x0000000707200000, 0x0000000707000000| Untracked 
|  13|0x0000000707200000, 0x0000000707400000, 0x0000000707400000|100%| O|  |TAMS 0x0000000707400000, 0x0000000707200000| Untracked 
|  14|0x0000000707400000, 0x0000000707600000, 0x0000000707600000|100%| O|  |TAMS 0x0000000707600000, 0x0000000707400000| Untracked 
|  15|0x0000000707600000, 0x0000000707800000, 0x0000000707800000|100%| O|  |TAMS 0x0000000707800000, 0x0000000707600000| Untracked 
|  16|0x0000000707800000, 0x0000000707a00000, 0x0000000707a00000|100%| O|  |TAMS 0x0000000707a00000, 0x0000000707800000| Untracked 
|  17|0x0000000707a00000, 0x0000000707c00000, 0x0000000707c00000|100%| O|  |TAMS 0x0000000707c00000, 0x0000000707a00000| Untracked 
|  18|0x0000000707c00000, 0x0000000707e00000, 0x0000000707e00000|100%| O|  |TAMS 0x0000000707e00000, 0x0000000707c00000| Untracked 
|  19|0x0000000707e00000, 0x0000000708000000, 0x0000000708000000|100%| O|  |TAMS 0x0000000708000000, 0x0000000707e00000| Untracked 
|  20|0x0000000708000000, 0x0000000708200000, 0x0000000708200000|100%| O|  |TAMS 0x0000000708200000, 0x0000000708000000| Untracked 
|  21|0x0000000708200000, 0x0000000708400000, 0x0000000708400000|100%| O|  |TAMS 0x0000000708400000, 0x0000000708200000| Untracked 
|  22|0x0000000708400000, 0x0000000708600000, 0x0000000708600000|100%| O|  |TAMS 0x0000000708600000, 0x0000000708400000| Untracked 
|  23|0x0000000708600000, 0x0000000708800000, 0x0000000708800000|100%| O|  |TAMS 0x0000000708800000, 0x0000000708600000| Untracked 
|  24|0x0000000708800000, 0x0000000708a00000, 0x0000000708a00000|100%| O|  |TAMS 0x0000000708a00000, 0x0000000708800000| Untracked 
|  25|0x0000000708a00000, 0x0000000708c00000, 0x0000000708c00000|100%| O|  |TAMS 0x0000000708c00000, 0x0000000708a00000| Untracked 
|  26|0x0000000708c00000, 0x0000000708e00000, 0x0000000708e00000|100%| O|  |TAMS 0x0000000708e00000, 0x0000000708c00000| Untracked 
|  27|0x0000000708e00000, 0x0000000709000000, 0x0000000709000000|100%| O|  |TAMS 0x0000000709000000, 0x0000000708e00000| Untracked 
|  28|0x0000000709000000, 0x0000000709200000, 0x0000000709200000|100%| O|  |TAMS 0x0000000709200000, 0x0000000709000000| Untracked 
|  29|0x0000000709200000, 0x0000000709400000, 0x0000000709400000|100%| O|  |TAMS 0x0000000709400000, 0x0000000709200000| Untracked 
|  30|0x0000000709400000, 0x0000000709600000, 0x0000000709600000|100%| O|  |TAMS 0x0000000709600000, 0x0000000709400000| Untracked 
|  31|0x0000000709600000, 0x0000000709800000, 0x0000000709800000|100%| O|  |TAMS 0x0000000709800000, 0x0000000709600000| Untracked 
|  32|0x0000000709800000, 0x0000000709a00000, 0x0000000709a00000|100%| O|  |TAMS 0x0000000709a00000, 0x0000000709800000| Untracked 
|  33|0x0000000709a00000, 0x0000000709c00000, 0x0000000709c00000|100%| O|  |TAMS 0x0000000709c00000, 0x0000000709a00000| Untracked 
|  34|0x0000000709c00000, 0x0000000709e00000, 0x0000000709e00000|100%| O|  |TAMS 0x0000000709e00000, 0x0000000709c00000| Untracked 
|  35|0x0000000709e00000, 0x000000070a000000, 0x000000070a000000|100%| O|  |TAMS 0x000000070a000000, 0x0000000709e00000| Untracked 
|  36|0x000000070a000000, 0x000000070a200000, 0x000000070a200000|100%|HS|  |TAMS 0x000000070a200000, 0x000000070a000000| Complete 
|  37|0x000000070a200000, 0x000000070a400000, 0x000000070a400000|100%| O|  |TAMS 0x000000070a400000, 0x000000070a200000| Untracked 
|  38|0x000000070a400000, 0x000000070a600000, 0x000000070a600000|100%| O|  |TAMS 0x000000070a600000, 0x000000070a400000| Untracked 
|  39|0x000000070a600000, 0x000000070a800000, 0x000000070a800000|100%| O|  |TAMS 0x000000070a800000, 0x000000070a600000| Untracked 
|  40|0x000000070a800000, 0x000000070aa00000, 0x000000070aa00000|100%| O|  |TAMS 0x000000070aa00000, 0x000000070a800000| Untracked 
|  41|0x000000070aa00000, 0x000000070ac00000, 0x000000070ac00000|100%| O|  |TAMS 0x000000070ac00000, 0x000000070aa00000| Untracked 
|  42|0x000000070ac00000, 0x000000070ae00000, 0x000000070ae00000|100%| O|  |TAMS 0x000000070ae00000, 0x000000070ac00000| Untracked 
|  43|0x000000070ae00000, 0x000000070b000000, 0x000000070b000000|100%| O|  |TAMS 0x000000070b000000, 0x000000070ae00000| Untracked 
|  44|0x000000070b000000, 0x000000070b200000, 0x000000070b200000|100%| O|  |TAMS 0x000000070b200000, 0x000000070b000000| Untracked 
|  45|0x000000070b200000, 0x000000070b400000, 0x000000070b400000|100%| O|  |TAMS 0x000000070b400000, 0x000000070b200000| Untracked 
|  46|0x000000070b400000, 0x000000070b600000, 0x000000070b600000|100%| O|  |TAMS 0x000000070b600000, 0x000000070b400000| Untracked 
|  47|0x000000070b600000, 0x000000070b800000, 0x000000070b800000|100%| O|  |TAMS 0x000000070b800000, 0x000000070b600000| Untracked 
|  48|0x000000070b800000, 0x000000070ba00000, 0x000000070ba00000|100%| O|  |TAMS 0x000000070ba00000, 0x000000070b800000| Untracked 
|  49|0x000000070ba00000, 0x000000070bc00000, 0x000000070bc00000|100%| O|  |TAMS 0x000000070bc00000, 0x000000070ba00000| Untracked 
|  50|0x000000070bc00000, 0x000000070be00000, 0x000000070be00000|100%| O|  |TAMS 0x000000070be00000, 0x000000070bc00000| Untracked 
|  51|0x000000070be00000, 0x000000070c000000, 0x000000070c000000|100%| O|  |TAMS 0x000000070c000000, 0x000000070be00000| Untracked 
|  52|0x000000070c000000, 0x000000070c200000, 0x000000070c200000|100%| O|  |TAMS 0x000000070c200000, 0x000000070c000000| Untracked 
|  53|0x000000070c200000, 0x000000070c400000, 0x000000070c400000|100%| O|  |TAMS 0x000000070c400000, 0x000000070c200000| Untracked 
|  54|0x000000070c400000, 0x000000070c600000, 0x000000070c600000|100%| O|  |TAMS 0x000000070c600000, 0x000000070c400000| Untracked 
|  55|0x000000070c600000, 0x000000070c600000, 0x000000070c800000|  0%| F|  |TAMS 0x000000070c600000, 0x000000070c600000| Untracked 
|  56|0x000000070c800000, 0x000000070ca00000, 0x000000070ca00000|100%| O|  |TAMS 0x000000070ca00000, 0x000000070c800000| Untracked 
|  57|0x000000070ca00000, 0x000000070cc00000, 0x000000070cc00000|100%| O|  |TAMS 0x000000070cc00000, 0x000000070ca00000| Untracked 
|  58|0x000000070cc00000, 0x000000070ce00000, 0x000000070ce00000|100%| O|  |TAMS 0x000000070ce00000, 0x000000070cc00000| Untracked 
|  59|0x000000070ce00000, 0x000000070d000000, 0x000000070d000000|100%| O|  |TAMS 0x000000070d000000, 0x000000070ce00000| Untracked 
|  60|0x000000070d000000, 0x000000070d200000, 0x000000070d200000|100%| O|  |TAMS 0x000000070d200000, 0x000000070d000000| Untracked 
|  61|0x000000070d200000, 0x000000070d200000, 0x000000070d400000|  0%| F|  |TAMS 0x000000070d200000, 0x000000070d200000| Untracked 
|  62|0x000000070d400000, 0x000000070d600000, 0x000000070d600000|100%| O|  |TAMS 0x000000070d539e00, 0x000000070d400000| Untracked 
|  63|0x000000070d600000, 0x000000070d800000, 0x000000070d800000|100%| O|  |TAMS 0x000000070d600000, 0x000000070d600000| Untracked 
|  64|0x000000070d800000, 0x000000070da00000, 0x000000070da00000|100%| O|  |TAMS 0x000000070d800000, 0x000000070d800000| Untracked 
|  65|0x000000070da00000, 0x000000070dbbb000, 0x000000070dc00000| 86%| O|  |TAMS 0x000000070da00000, 0x000000070da00000| Untracked 
|  66|0x000000070dc00000, 0x000000070dc00000, 0x000000070de00000|  0%| F|  |TAMS 0x000000070dc00000, 0x000000070dc00000| Untracked 
|  67|0x000000070de00000, 0x000000070de00000, 0x000000070e000000|  0%| F|  |TAMS 0x000000070de00000, 0x000000070de00000| Untracked 
|  68|0x000000070e000000, 0x000000070e000000, 0x000000070e200000|  0%| F|  |TAMS 0x000000070e000000, 0x000000070e000000| Untracked 
|  69|0x000000070e200000, 0x000000070e200000, 0x000000070e400000|  0%| F|  |TAMS 0x000000070e200000, 0x000000070e200000| Untracked 
|  70|0x000000070e400000, 0x000000070e400000, 0x000000070e600000|  0%| F|  |TAMS 0x000000070e400000, 0x000000070e400000| Untracked 
|  71|0x000000070e600000, 0x000000070e600000, 0x000000070e800000|  0%| F|  |TAMS 0x000000070e600000, 0x000000070e600000| Untracked 
|  72|0x000000070e800000, 0x000000070e800000, 0x000000070ea00000|  0%| F|  |TAMS 0x000000070e800000, 0x000000070e800000| Untracked 
|  73|0x000000070ea00000, 0x000000070ea00000, 0x000000070ec00000|  0%| F|  |TAMS 0x000000070ea00000, 0x000000070ea00000| Untracked 
|  74|0x000000070ec00000, 0x000000070ec00000, 0x000000070ee00000|  0%| F|  |TAMS 0x000000070ec00000, 0x000000070ec00000| Untracked 
|  75|0x000000070ee00000, 0x000000070ee00000, 0x000000070f000000|  0%| F|  |TAMS 0x000000070ee00000, 0x000000070ee00000| Untracked 
|  76|0x000000070f000000, 0x000000070f000000, 0x000000070f200000|  0%| F|  |TAMS 0x000000070f000000, 0x000000070f000000| Untracked 
|  77|0x000000070f200000, 0x000000070f200000, 0x000000070f400000|  0%| F|  |TAMS 0x000000070f200000, 0x000000070f200000| Untracked 
|  78|0x000000070f400000, 0x000000070f400000, 0x000000070f600000|  0%| F|  |TAMS 0x000000070f400000, 0x000000070f400000| Untracked 
|  79|0x000000070f600000, 0x000000070f600000, 0x000000070f800000|  0%| F|  |TAMS 0x000000070f600000, 0x000000070f600000| Untracked 
|  80|0x000000070f800000, 0x000000070f800000, 0x000000070fa00000|  0%| F|  |TAMS 0x000000070f800000, 0x000000070f800000| Untracked 
|  81|0x000000070fa00000, 0x000000070fa00000, 0x000000070fc00000|  0%| F|  |TAMS 0x000000070fa00000, 0x000000070fa00000| Untracked 
|  82|0x000000070fc00000, 0x000000070fc00000, 0x000000070fe00000|  0%| F|  |TAMS 0x000000070fc00000, 0x000000070fc00000| Untracked 
|  83|0x000000070fe00000, 0x000000070fe00000, 0x0000000710000000|  0%| F|  |TAMS 0x000000070fe00000, 0x000000070fe00000| Untracked 
|  84|0x0000000710000000, 0x0000000710000000, 0x0000000710200000|  0%| F|  |TAMS 0x0000000710000000, 0x0000000710000000| Untracked 
|  85|0x0000000710200000, 0x0000000710200000, 0x0000000710400000|  0%| F|  |TAMS 0x0000000710200000, 0x0000000710200000| Untracked 
|  86|0x0000000710400000, 0x0000000710400000, 0x0000000710600000|  0%| F|  |TAMS 0x0000000710400000, 0x0000000710400000| Untracked 
|  87|0x0000000710600000, 0x0000000710600000, 0x0000000710800000|  0%| F|  |TAMS 0x0000000710600000, 0x0000000710600000| Untracked 
|  88|0x0000000710800000, 0x0000000710800000, 0x0000000710a00000|  0%| F|  |TAMS 0x0000000710800000, 0x0000000710800000| Untracked 
|  89|0x0000000710a00000, 0x0000000710a00000, 0x0000000710c00000|  0%| F|  |TAMS 0x0000000710a00000, 0x0000000710a00000| Untracked 
|  90|0x0000000710c00000, 0x0000000710c00000, 0x0000000710e00000|  0%| F|  |TAMS 0x0000000710c00000, 0x0000000710c00000| Untracked 
|  91|0x0000000710e00000, 0x0000000710e00000, 0x0000000711000000|  0%| F|  |TAMS 0x0000000710e00000, 0x0000000710e00000| Untracked 
|  92|0x0000000711000000, 0x0000000711000000, 0x0000000711200000|  0%| F|  |TAMS 0x0000000711000000, 0x0000000711000000| Untracked 
|  93|0x0000000711200000, 0x0000000711200000, 0x0000000711400000|  0%| F|  |TAMS 0x0000000711200000, 0x0000000711200000| Untracked 
|  94|0x0000000711400000, 0x0000000711400000, 0x0000000711600000|  0%| F|  |TAMS 0x0000000711400000, 0x0000000711400000| Untracked 
|  95|0x0000000711600000, 0x0000000711600000, 0x0000000711800000|  0%| F|  |TAMS 0x0000000711600000, 0x0000000711600000| Untracked 
|  96|0x0000000711800000, 0x0000000711800000, 0x0000000711a00000|  0%| F|  |TAMS 0x0000000711800000, 0x0000000711800000| Untracked 
|  97|0x0000000711a00000, 0x0000000711a00000, 0x0000000711c00000|  0%| F|  |TAMS 0x0000000711a00000, 0x0000000711a00000| Untracked 
|  98|0x0000000711c00000, 0x0000000711c00000, 0x0000000711e00000|  0%| F|  |TAMS 0x0000000711c00000, 0x0000000711c00000| Untracked 
|  99|0x0000000711e00000, 0x0000000711e00000, 0x0000000712000000|  0%| F|  |TAMS 0x0000000711e00000, 0x0000000711e00000| Untracked 
| 100|0x0000000712000000, 0x0000000712000000, 0x0000000712200000|  0%| F|  |TAMS 0x0000000712000000, 0x0000000712000000| Untracked 
| 101|0x0000000712200000, 0x0000000712200000, 0x0000000712400000|  0%| F|  |TAMS 0x0000000712200000, 0x0000000712200000| Untracked 
| 102|0x0000000712400000, 0x0000000712400000, 0x0000000712600000|  0%| F|  |TAMS 0x0000000712400000, 0x0000000712400000| Untracked 
| 103|0x0000000712600000, 0x0000000712600000, 0x0000000712800000|  0%| F|  |TAMS 0x0000000712600000, 0x0000000712600000| Untracked 
| 104|0x0000000712800000, 0x0000000712800000, 0x0000000712a00000|  0%| F|  |TAMS 0x0000000712800000, 0x0000000712800000| Untracked 
| 105|0x0000000712a00000, 0x0000000712a00000, 0x0000000712c00000|  0%| F|  |TAMS 0x0000000712a00000, 0x0000000712a00000| Untracked 
| 106|0x0000000712c00000, 0x0000000712c00000, 0x0000000712e00000|  0%| F|  |TAMS 0x0000000712c00000, 0x0000000712c00000| Untracked 
| 107|0x0000000712e00000, 0x0000000712e00000, 0x0000000713000000|  0%| F|  |TAMS 0x0000000712e00000, 0x0000000712e00000| Untracked 
| 108|0x0000000713000000, 0x0000000713000000, 0x0000000713200000|  0%| F|  |TAMS 0x0000000713000000, 0x0000000713000000| Untracked 
| 109|0x0000000713200000, 0x0000000713200000, 0x0000000713400000|  0%| F|  |TAMS 0x0000000713200000, 0x0000000713200000| Untracked 
| 110|0x0000000713400000, 0x0000000713400000, 0x0000000713600000|  0%| F|  |TAMS 0x0000000713400000, 0x0000000713400000| Untracked 
| 111|0x0000000713600000, 0x0000000713700300, 0x0000000713800000| 50%| S|CS|TAMS 0x0000000713600000, 0x0000000713600000| Complete 
| 112|0x0000000713800000, 0x0000000713800000, 0x0000000713a00000|  0%| F|  |TAMS 0x0000000713800000, 0x0000000713800000| Untracked 
| 113|0x0000000713a00000, 0x0000000713a00000, 0x0000000713c00000|  0%| F|  |TAMS 0x0000000713a00000, 0x0000000713a00000| Untracked 
| 114|0x0000000713c00000, 0x0000000713c00000, 0x0000000713e00000|  0%| F|  |TAMS 0x0000000713c00000, 0x0000000713c00000| Untracked 
| 115|0x0000000713e00000, 0x0000000713e00000, 0x0000000714000000|  0%| F|  |TAMS 0x0000000713e00000, 0x0000000713e00000| Untracked 
| 116|0x0000000714000000, 0x0000000714000000, 0x0000000714200000|  0%| F|  |TAMS 0x0000000714000000, 0x0000000714000000| Untracked 
| 117|0x0000000714200000, 0x0000000714200000, 0x0000000714400000|  0%| F|  |TAMS 0x0000000714200000, 0x0000000714200000| Untracked 
| 118|0x0000000714400000, 0x0000000714400000, 0x0000000714600000|  0%| F|  |TAMS 0x0000000714400000, 0x0000000714400000| Untracked 
| 119|0x0000000714600000, 0x0000000714600000, 0x0000000714800000|  0%| F|  |TAMS 0x0000000714600000, 0x0000000714600000| Untracked 
| 120|0x0000000714800000, 0x0000000714800000, 0x0000000714a00000|  0%| F|  |TAMS 0x0000000714800000, 0x0000000714800000| Untracked 
| 121|0x0000000714a00000, 0x0000000714a00000, 0x0000000714c00000|  0%| F|  |TAMS 0x0000000714a00000, 0x0000000714a00000| Untracked 
| 122|0x0000000714c00000, 0x0000000714c00000, 0x0000000714e00000|  0%| F|  |TAMS 0x0000000714c00000, 0x0000000714c00000| Untracked 
| 123|0x0000000714e00000, 0x0000000714e00000, 0x0000000715000000|  0%| F|  |TAMS 0x0000000714e00000, 0x0000000714e00000| Untracked 
| 124|0x0000000715000000, 0x0000000715000000, 0x0000000715200000|  0%| F|  |TAMS 0x0000000715000000, 0x0000000715000000| Untracked 
| 125|0x0000000715200000, 0x0000000715200000, 0x0000000715400000|  0%| F|  |TAMS 0x0000000715200000, 0x0000000715200000| Untracked 

Card table byte_map: [0x0000027b5fce0000,0x0000027b604c0000] _byte_map_base: 0x0000027b5c4b4000

Marking Bits (Prev, Next): (CMBitMap*) 0x0000027b4b27a490, (CMBitMap*) 0x0000027b4b27a4d0
 Prev Bits: [0x0000027b60ca0000, 0x0000027b64b40000)
 Next Bits: [0x0000027b64b40000, 0x0000027b689e0000)

Polling page: 0x0000027b4aff0000

Metaspace:

Usage:
  Non-class:     83.37 MB used.
      Class:     10.15 MB used.
       Both:     93.52 MB used.

Virtual space:
  Non-class space:       88.00 MB reserved,      83.62 MB ( 95%) committed,  11 nodes.
      Class space:        1.00 GB reserved,      10.31 MB (  1%) committed,  1 nodes.
             Both:        1.09 GB reserved,      93.94 MB (  8%) committed. 

Chunk freelists:
   Non-Class:  3.92 MB
       Class:  1.69 MB
        Both:  5.61 MB

MaxMetaspaceSize: unlimited
CompressedClassSpaceSize: 1.00 GB
Initial GC threshold: 21.00 MB
Current GC threshold: 148.69 MB
CDS: off
MetaspaceReclaimPolicy: balanced
 - commit_granule_bytes: 65536.
 - commit_granule_words: 8192.
 - virtual_space_node_default_size: 1048576.
 - enlarge_chunks_in_place: 1.
 - new_chunks_are_fully_committed: 0.
 - uncommit_free_chunks: 1.
 - use_allocation_guard: 0.
 - handle_deallocations: 1.


Internal statistics:

num_allocs_failed_limit: 9.
num_arena_births: 510.
num_arena_deaths: 0.
num_vsnodes_births: 12.
num_vsnodes_deaths: 0.
num_space_committed: 1501.
num_space_uncommitted: 0.
num_chunks_returned_to_freelist: 9.
num_chunks_taken_from_freelist: 3632.
num_chunk_merges: 9.
num_chunk_splits: 2922.
num_chunks_enlarged: 2527.
num_purges: 0.
num_inconsistent_stats: 0.

CodeHeap 'non-profiled nmethods': size=120000Kb used=9273Kb max_used=9565Kb free=110726Kb
 bounds [0x0000027b579a0000, 0x0000027b58300000, 0x0000027b5eed0000]
CodeHeap 'profiled nmethods': size=120000Kb used=49816Kb max_used=51145Kb free=70183Kb
 bounds [0x0000027b4fed0000, 0x0000027b530d0000, 0x0000027b57400000]
CodeHeap 'non-nmethods': size=5760Kb used=1440Kb max_used=1484Kb free=4319Kb
 bounds [0x0000027b57400000, 0x0000027b57670000, 0x0000027b579a0000]
 total_blobs=16673 nmethods=15917 adapters=664
 compilation: enabled
              stopped_count=0, restarted_count=0
 full_count=0

Compilation events (20 events):
Event: 22.108 Thread 0x0000027b6bc8e100 nmethod 19792 0x0000027b50e94f90 code [0x0000027b50e95140, 0x0000027b50e95438]
Event: 22.108 Thread 0x0000027b6bc8e100 19793       3       org.jetbrains.kotlin.backend.jvm.mapping.IrTypeCheckerContextForTypeMapping::isTypeParameter (12 bytes)
Event: 22.108 Thread 0x0000027b6bc8e100 nmethod 19793 0x0000027b51f1ae90 code [0x0000027b51f1b0a0, 0x0000027b51f1b758]
Event: 22.109 Thread 0x0000027b6bc8e100 19794       3       org.jetbrains.kotlin.codegen.optimization.nullCheck.NullabilityInterpreter::unaryOperation (13 bytes)
Event: 22.110 Thread 0x0000027b6bc8e100 nmethod 19794 0x0000027b501d8490 code [0x0000027b501d8640, 0x0000027b501d8868]
Event: 22.110 Thread 0x0000027b6bc8e100 19795       3       org.jetbrains.kotlin.codegen.optimization.nullCheck.NullabilityInterpreter::unaryOperation (112 bytes)
Event: 22.110 Thread 0x0000027b6bc8e100 nmethod 19795 0x0000027b52353510 code [0x0000027b523537a0, 0x0000027b52354538]
Event: 22.110 Thread 0x0000027b6bc8e100 19796       1       org.jetbrains.kotlin.ir.declarations.lazy.IrLazyEnumEntryImpl::getName (5 bytes)
Event: 22.110 Thread 0x0000027b6bc8e100 nmethod 19796 0x0000027b57f9d290 code [0x0000027b57f9d420, 0x0000027b57f9d4f8]
Event: 22.111 Thread 0x0000027b6bc8cf70 19797       4       org.jetbrains.kotlin.ir.descriptors.IrBasedDescriptorsKt::toIrBasedDescriptor (64 bytes)
Event: 22.113 Thread 0x0000027b6c644f90 nmethod 19776 0x0000027b5804e890 code [0x0000027b5804eb80, 0x0000027b5804fc68]
Event: 22.113 Thread 0x0000027b6bc8e100 19798       3       org.jetbrains.kotlin.backend.jvm.codegen.ExpressionCodegen::visitStatementContainer (92 bytes)
Event: 22.114 Thread 0x0000027b6bc8e100 nmethod 19798 0x0000027b50913290 code [0x0000027b509134c0, 0x0000027b50913ea8]
Event: 22.115 Thread 0x0000027b6bc8e100 19799       3       org.jetbrains.kotlin.backend.jvm.ir.JvmIrCoroutineUtilsKt::hasContinuation (82 bytes)
Event: 22.116 Thread 0x0000027b6c644f90 19800       4       org.jetbrains.kotlin.codegen.signature.JvmSignatureWriter::writeReturnType (1 bytes)
Event: 22.116 Thread 0x0000027b6c644f90 nmethod 19800 0x0000027b5817c910 code [0x0000027b5817ca80, 0x0000027b5817caf8]
Event: 22.116 Thread 0x0000027b6bc8e100 nmethod 19799 0x0000027b5271cf90 code [0x0000027b5271d320, 0x0000027b5271ea78]
Event: 22.116 Thread 0x0000027b6bc8e100 19802       3       org.jetbrains.kotlin.backend.jvm.codegen.ExpressionCodegen::visitCall (1244 bytes)
Event: 22.123 Thread 0x0000027b6c644f90 19808       4       org.jetbrains.kotlin.resolve.jvm.JvmClassName::byClassId (87 bytes)
Event: 22.126 Thread 0x0000027b6bc8cf70 nmethod 19797 0x0000027b5814f810 code [0x0000027b5814fa40, 0x0000027b58150c38]

GC Heap History (20 events):
Event: 11.751 GC heap after
{Heap after GC invocations=24 (full 0):
 garbage-first heap   total 157696K, used 81028K [0x0000000705800000, 0x0000000800000000)
  region size 2048K, 2 young (4096K), 2 survivors (4096K)
 Metaspace       used 68869K, committed 69184K, reserved 1114112K
  class space    used 7879K, committed 8000K, reserved 1048576K
}
Event: 11.877 GC heap before
{Heap before GC invocations=24 (full 0):
 garbage-first heap   total 157696K, used 124036K [0x0000000705800000, 0x0000000800000000)
  region size 2048K, 23 young (47104K), 2 survivors (4096K)
 Metaspace       used 68869K, committed 69184K, reserved 1114112K
  class space    used 7879K, committed 8000K, reserved 1048576K
}
Event: 11.883 GC heap after
{Heap after GC invocations=25 (full 0):
 garbage-first heap   total 221184K, used 85321K [0x0000000705800000, 0x0000000800000000)
  region size 2048K, 3 young (6144K), 3 survivors (6144K)
 Metaspace       used 68869K, committed 69184K, reserved 1114112K
  class space    used 7879K, committed 8000K, reserved 1048576K
}
Event: 13.629 GC heap before
{Heap before GC invocations=26 (full 0):
 garbage-first heap   total 221184K, used 171337K [0x0000000705800000, 0x0000000800000000)
  region size 2048K, 45 young (92160K), 3 survivors (6144K)
 Metaspace       used 73238K, committed 73600K, reserved 1114112K
  class space    used 8315K, committed 8448K, reserved 1048576K
}
Event: 13.642 GC heap after
{Heap after GC invocations=27 (full 0):
 garbage-first heap   total 221184K, used 92923K [0x0000000705800000, 0x0000000800000000)
  region size 2048K, 6 young (12288K), 6 survivors (12288K)
 Metaspace       used 73238K, committed 73600K, reserved 1114112K
  class space    used 8315K, committed 8448K, reserved 1048576K
}
Event: 15.160 GC heap before
{Heap before GC invocations=27 (full 0):
 garbage-first heap   total 221184K, used 168699K [0x0000000705800000, 0x0000000800000000)
  region size 2048K, 43 young (88064K), 6 survivors (12288K)
 Metaspace       used 79253K, committed 79616K, reserved 1122304K
  class space    used 8905K, committed 9088K, reserved 1048576K
}
Event: 15.185 GC heap after
{Heap after GC invocations=28 (full 0):
 garbage-first heap   total 221184K, used 105987K [0x0000000705800000, 0x0000000800000000)
  region size 2048K, 6 young (12288K), 6 survivors (12288K)
 Metaspace       used 79253K, committed 79616K, reserved 1122304K
  class space    used 8905K, committed 9088K, reserved 1048576K
}
Event: 16.276 GC heap before
{Heap before GC invocations=28 (full 0):
 garbage-first heap   total 221184K, used 171523K [0x0000000705800000, 0x0000000800000000)
  region size 2048K, 38 young (77824K), 6 survivors (12288K)
 Metaspace       used 80827K, committed 81216K, reserved 1122304K
  class space    used 9040K, committed 9216K, reserved 1048576K
}
Event: 16.308 GC heap after
{Heap after GC invocations=29 (full 0):
 garbage-first heap   total 221184K, used 124938K [0x0000000705800000, 0x0000000800000000)
  region size 2048K, 5 young (10240K), 5 survivors (10240K)
 Metaspace       used 80827K, committed 81216K, reserved 1122304K
  class space    used 9040K, committed 9216K, reserved 1048576K
}
Event: 17.353 GC heap before
{Heap before GC invocations=29 (full 0):
 garbage-first heap   total 221184K, used 169994K [0x0000000705800000, 0x0000000800000000)
  region size 2048K, 28 young (57344K), 5 survivors (10240K)
 Metaspace       used 88217K, committed 88576K, reserved 1130496K
  class space    used 9890K, committed 10048K, reserved 1048576K
}
Event: 17.366 GC heap after
{Heap after GC invocations=30 (full 0):
 garbage-first heap   total 221184K, used 129301K [0x0000000705800000, 0x0000000800000000)
  region size 2048K, 2 young (4096K), 2 survivors (4096K)
 Metaspace       used 88217K, committed 88576K, reserved 1130496K
  class space    used 9890K, committed 10048K, reserved 1048576K
}
Event: 19.122 GC heap before
{Heap before GC invocations=31 (full 0):
 garbage-first heap   total 225280K, used 172309K [0x0000000705800000, 0x0000000800000000)
  region size 2048K, 24 young (49152K), 2 survivors (4096K)
 Metaspace       used 89540K, committed 89920K, reserved 1130496K
  class space    used 9898K, committed 10048K, reserved 1048576K
}
Event: 19.130 GC heap after
{Heap after GC invocations=32 (full 0):
 garbage-first heap   total 225280K, used 127246K [0x0000000705800000, 0x0000000800000000)
  region size 2048K, 2 young (4096K), 2 survivors (4096K)
 Metaspace       used 89540K, committed 89920K, reserved 1130496K
  class space    used 9898K, committed 10048K, reserved 1048576K
}
Event: 19.468 GC heap before
{Heap before GC invocations=32 (full 0):
 garbage-first heap   total 225280K, used 133390K [0x0000000705800000, 0x0000000800000000)
  region size 2048K, 5 young (10240K), 2 survivors (4096K)
 Metaspace       used 89555K, committed 89920K, reserved 1130496K
  class space    used 9898K, committed 10048K, reserved 1048576K
}
Event: 19.478 GC heap after
{Heap after GC invocations=33 (full 0):
 garbage-first heap   total 225280K, used 127455K [0x0000000705800000, 0x0000000800000000)
  region size 2048K, 1 young (2048K), 1 survivors (2048K)
 Metaspace       used 89555K, committed 89920K, reserved 1130496K
  class space    used 9898K, committed 10048K, reserved 1048576K
}
Event: 20.629 GC heap before
{Heap before GC invocations=33 (full 0):
 garbage-first heap   total 225280K, used 180703K [0x0000000705800000, 0x0000000800000000)
  region size 2048K, 27 young (55296K), 1 survivors (2048K)
 Metaspace       used 90623K, committed 91008K, reserved 1130496K
  class space    used 9985K, committed 10176K, reserved 1048576K
}
Event: 20.637 GC heap after
{Heap after GC invocations=34 (full 0):
 garbage-first heap   total 225280K, used 130716K [0x0000000705800000, 0x0000000800000000)
  region size 2048K, 3 young (6144K), 3 survivors (6144K)
 Metaspace       used 90623K, committed 91008K, reserved 1130496K
  class space    used 9985K, committed 10176K, reserved 1048576K
}
Event: 21.995 GC heap before
{Heap before GC invocations=35 (full 0):
 garbage-first heap   total 233472K, used 177820K [0x0000000705800000, 0x0000000800000000)
  region size 2048K, 27 young (55296K), 3 survivors (6144K)
 Metaspace       used 95566K, committed 95936K, reserved 1138688K
  class space    used 10387K, committed 10560K, reserved 1048576K
}
Event: 22.007 GC heap after
{Heap after GC invocations=36 (full 0):
 garbage-first heap   total 233472K, used 132910K [0x0000000705800000, 0x0000000800000000)
  region size 2048K, 3 young (6144K), 3 survivors (6144K)
 Metaspace       used 95566K, committed 95936K, reserved 1138688K
  class space    used 10387K, committed 10560K, reserved 1048576K
}
Event: 22.128 GC heap before
{Heap before GC invocations=36 (full 0):
 garbage-first heap   total 233472K, used 137006K [0x0000000705800000, 0x0000000800000000)
  region size 2048K, 5 young (10240K), 3 survivors (6144K)
 Metaspace       used 95763K, committed 96192K, reserved 1138688K
  class space    used 10392K, committed 10560K, reserved 1048576K
}

Dll operation events (2 events):
Event: 0.011 Loaded shared library C:\Program Files\Android\Android Studio Flamingo\jbr\bin\java.dll
Event: 1.434 Loaded shared library C:\Program Files\Android\Android Studio Flamingo\jbr\bin\verify.dll

Deoptimization events (20 events):
Event: 21.908 Thread 0x0000027b4b20acc0 Uncommon trap: trap_request=0xffffff45 fr.pc=0x0000027b57f3f93c relative=0x000000000000105c
Event: 21.908 Thread 0x0000027b4b20acc0 Uncommon trap: reason=unstable_if action=reinterpret pc=0x0000027b57f3f93c method=org.jetbrains.kotlin.descriptors.impl.ModuleAwareClassDescriptor$Companion.getRefinedMemberScopeIfPossible$descriptors(Lorg/jetbrains/kotlin/descriptors/ClassDescriptor;Lorg
Event: 21.908 Thread 0x0000027b4b20acc0 DEOPT PACKING pc=0x0000027b57f3f93c sp=0x000000bbecafc520
Event: 21.908 Thread 0x0000027b4b20acc0 DEOPT UNPACKING pc=0x0000027b5745a1a3 sp=0x000000bbecafc290 mode 2
Event: 22.070 Thread 0x0000027b4b20acc0 Uncommon trap: trap_request=0xffffffde fr.pc=0x0000027b5805a370 relative=0x0000000000000070
Event: 22.070 Thread 0x0000027b4b20acc0 Uncommon trap: reason=class_check action=maybe_recompile pc=0x0000027b5805a370 method=org.jetbrains.kotlin.ir.descriptors.IrBasedClassDescriptor.getName()Lorg/jetbrains/kotlin/name/Name; @ 4 c2
Event: 22.070 Thread 0x0000027b4b20acc0 DEOPT PACKING pc=0x0000027b5805a370 sp=0x000000bbecafd3c0
Event: 22.070 Thread 0x0000027b4b20acc0 DEOPT UNPACKING pc=0x0000027b5745a1a3 sp=0x000000bbecafd348 mode 2
Event: 22.071 Thread 0x0000027b4b20acc0 Uncommon trap: trap_request=0xffffffde fr.pc=0x0000027b5805a370 relative=0x0000000000000070
Event: 22.071 Thread 0x0000027b4b20acc0 Uncommon trap: reason=class_check action=maybe_recompile pc=0x0000027b5805a370 method=org.jetbrains.kotlin.ir.descriptors.IrBasedClassDescriptor.getName()Lorg/jetbrains/kotlin/name/Name; @ 4 c2
Event: 22.071 Thread 0x0000027b4b20acc0 DEOPT PACKING pc=0x0000027b5805a370 sp=0x000000bbecafd3c0
Event: 22.071 Thread 0x0000027b4b20acc0 DEOPT UNPACKING pc=0x0000027b5745a1a3 sp=0x000000bbecafd348 mode 2
Event: 22.071 Thread 0x0000027b4b20acc0 Uncommon trap: trap_request=0xffffffde fr.pc=0x0000027b5805a370 relative=0x0000000000000070
Event: 22.071 Thread 0x0000027b4b20acc0 Uncommon trap: reason=class_check action=maybe_recompile pc=0x0000027b5805a370 method=org.jetbrains.kotlin.ir.descriptors.IrBasedClassDescriptor.getName()Lorg/jetbrains/kotlin/name/Name; @ 4 c2
Event: 22.071 Thread 0x0000027b4b20acc0 DEOPT PACKING pc=0x0000027b5805a370 sp=0x000000bbecafd3c0
Event: 22.071 Thread 0x0000027b4b20acc0 DEOPT UNPACKING pc=0x0000027b5745a1a3 sp=0x000000bbecafd348 mode 2
Event: 22.072 Thread 0x0000027b4b20acc0 Uncommon trap: trap_request=0xffffffde fr.pc=0x0000027b5805a370 relative=0x0000000000000070
Event: 22.072 Thread 0x0000027b4b20acc0 Uncommon trap: reason=class_check action=maybe_recompile pc=0x0000027b5805a370 method=org.jetbrains.kotlin.ir.descriptors.IrBasedClassDescriptor.getName()Lorg/jetbrains/kotlin/name/Name; @ 4 c2
Event: 22.072 Thread 0x0000027b4b20acc0 DEOPT PACKING pc=0x0000027b5805a370 sp=0x000000bbecafd3c0
Event: 22.072 Thread 0x0000027b4b20acc0 DEOPT UNPACKING pc=0x0000027b5745a1a3 sp=0x000000bbecafd348 mode 2

Classes unloaded (0 events):
No events

Classes redefined (0 events):
No events

Internal exceptions (20 events):
Event: 9.178 Thread 0x0000027b4b20acc0 Exception <a 'java/lang/NoSuchMethodError'{0x000000070c1c2648}: 'void java.lang.invoke.DirectMethodHandle$Holder.invokeSpecial(java.lang.Object, java.lang.Object, int, java.lang.Object)'> (0x000000070c1c2648) 
thrown [s\src\hotspot\share\interpreter\linkResolver.cpp, line 771]
Event: 9.200 Thread 0x0000027b4b20acc0 Exception <a 'java/lang/NoSuchMethodError'{0x000000070bf5fd38}: 'int java.lang.invoke.DirectMethodHandle$Holder.invokeVirtual(java.lang.Object, java.lang.Object, java.lang.Object)'> (0x000000070bf5fd38) 
thrown [s\src\hotspot\share\interpreter\linkResolver.cpp, line 771]
Event: 9.349 Thread 0x0000027b4b20acc0 Exception <a 'java/lang/NoSuchMethodError'{0x000000070bbb2370}: 'java.lang.Object java.lang.invoke.DirectMethodHandle$Holder.newInvokeSpecial(java.lang.Object, int, java.lang.Object, java.lang.Object)'> (0x000000070bbb2370) 
thrown [s\src\hotspot\share\interpreter\linkResolver.cpp, line 771]
Event: 11.279 Thread 0x0000027b4b20acc0 Implicit null exception at 0x0000027b57d51211 to 0x0000027b57d51a08
Event: 11.319 Thread 0x0000027b4b20acc0 Implicit null exception at 0x0000027b57aad4f5 to 0x0000027b57aadcc8
Event: 11.338 Thread 0x0000027b4b20acc0 Implicit null exception at 0x0000027b57d29e72 to 0x0000027b57d2a634
Event: 12.179 Thread 0x0000027b4b20acc0 Implicit null exception at 0x0000027b57d066cc to 0x0000027b57d068a0
Event: 12.838 Thread 0x0000027b4b20acc0 Implicit null exception at 0x0000027b57a4578f to 0x0000027b57a45a04
Event: 13.433 Thread 0x0000027b4b20acc0 Implicit null exception at 0x0000027b57ebb233 to 0x0000027b57ebb3a4
Event: 13.467 Thread 0x0000027b4b20acc0 Exception <a 'java/lang/NoSuchMethodError'{0x000000070e2bc0c8}: 'java.lang.Object java.lang.invoke.DirectMethodHandle$Holder.invokeStaticInit(java.lang.Object, java.lang.Object, java.lang.Object, java.lang.Object)'> (0x000000070e2bc0c8) 
thrown [s\src\hotspot\share\interpreter\linkResolver.cpp, line 771]
Event: 13.799 Thread 0x0000027b4b20acc0 Exception <a 'java/lang/NoSuchMethodError'{0x000000071270d3a0}: 'java.lang.Object java.lang.invoke.DirectMethodHandle$Holder.newInvokeSpecial(java.lang.Object, java.lang.Object, java.lang.Object, int, int)'> (0x000000071270d3a0) 
thrown [s\src\hotspot\share\interpreter\linkResolver.cpp, line 771]
Event: 13.799 Thread 0x0000027b4b20acc0 Exception <a 'java/lang/NoSuchMethodError'{0x00000007127111e0}: 'java.lang.Object java.lang.invoke.DirectMethodHandle$Holder.invokeSpecial(java.lang.Object, java.lang.Object, java.lang.Object, java.lang.Object, int, int)'> (0x00000007127111e0) 
thrown [s\src\hotspot\share\interpreter\linkResolver.cpp, line 771]
Event: 13.830 Thread 0x0000027b4b20acc0 Exception <a 'java/lang/NoSuchMethodError'{0x00000007127b8c30}: 'java.lang.Object java.lang.invoke.DirectMethodHandle$Holder.invokeSpecial(java.lang.Object, java.lang.Object, int, int, java.lang.Object, java.lang.Object, java.lang.Object, java.lang.Object, java.lang.Object)'> (0x00000007127b8c30) 
thrown [s\src\hotspot\share\interpreter\linkResolver.cpp, line 771]
Event: 14.270 Thread 0x0000027b4b20acc0 Exception <a 'java/lang/NoSuchMethodError'{0x0000000711aac048}: 'java.lang.Object java.lang.invoke.DirectMethodHandle$Holder.newInvokeSpecial(java.lang.Object, java.lang.Object, int, int, java.lang.Object, java.lang.Object, java.lang.Object)'> (0x0000000711aac048) 
thrown [s\src\hotspot\share\interpreter\linkResolver.cpp, line 771]
Event: 14.270 Thread 0x0000027b4b20acc0 Exception <a 'java/lang/NoSuchMethodError'{0x0000000711ab08f0}: 'java.lang.Object java.lang.invoke.DirectMethodHandle$Holder.invokeSpecial(java.lang.Object, java.lang.Object, java.lang.Object, int, int, java.lang.Object, java.lang.Object, java.lang.Object)'> (0x0000000711ab08f0) 
thrown [s\src\hotspot\share\interpreter\linkResolver.cpp, line 771]
Event: 14.308 Thread 0x0000027b4b20acc0 Exception <a 'java/lang/NoSuchMethodError'{0x0000000711b1d458}: 'java.lang.Object java.lang.invoke.DirectMethodHandle$Holder.invokeStatic(java.lang.Object, java.lang.Object, java.lang.Object, int, int, java.lang.Object, java.lang.Object, java.lang.Object, java.lang.Object)'> (0x0000000711b1d458) 
thrown [s\src\hotspot\share\interpreter\linkResolver.cpp, line 771]
Event: 14.309 Thread 0x0000027b4b20acc0 Exception <a 'java/lang/NoSuchMethodError'{0x0000000711b27720}: 'java.lang.Object java.lang.invoke.DirectMethodHandle$Holder.newInvokeSpecial(java.lang.Object, java.lang.Object, java.lang.Object, int, int, java.lang.Object)'> (0x0000000711b27720) 
thrown [s\src\hotspot\share\interpreter\linkResolver.cpp, line 771]
Event: 14.310 Thread 0x0000027b4b20acc0 Exception <a 'java/lang/NoSuchMethodError'{0x0000000711b2f0c0}: 'java.lang.Object java.lang.invoke.Invokers$Holder.linkToTargetMethod(java.lang.Object, java.lang.Object, int, int, java.lang.Object, java.lang.Object)'> (0x0000000711b2f0c0) 
thrown [s\src\hotspot\share\interpreter\linkResolver.cpp, line 771]
Event: 17.080 Thread 0x0000027b4b20acc0 Implicit null exception at 0x0000027b580f9002 to 0x0000027b580f9360
Event: 17.100 Thread 0x0000027b4b20acc0 Implicit null exception at 0x0000027b580d5a88 to 0x0000027b580d7338

VM Operations (20 events):
Event: 21.452 Executing VM operation: HandshakeAllThreads done
Event: 21.462 Executing VM operation: HandshakeAllThreads
Event: 21.462 Executing VM operation: HandshakeAllThreads done
Event: 21.478 Executing VM operation: HandshakeAllThreads
Event: 21.478 Executing VM operation: HandshakeAllThreads done
Event: 21.481 Executing VM operation: HandshakeAllThreads
Event: 21.481 Executing VM operation: HandshakeAllThreads done
Event: 21.664 Executing VM operation: ICBufferFull
Event: 21.664 Executing VM operation: ICBufferFull done
Event: 21.776 Executing VM operation: ICBufferFull
Event: 21.776 Executing VM operation: ICBufferFull done
Event: 21.851 Executing VM operation: HandshakeAllThreads
Event: 21.851 Executing VM operation: HandshakeAllThreads done
Event: 21.995 Executing VM operation: G1CollectForAllocation
Event: 22.007 Executing VM operation: G1CollectForAllocation done
Event: 22.025 Executing VM operation: HandshakeAllThreads
Event: 22.025 Executing VM operation: HandshakeAllThreads done
Event: 22.084 Executing VM operation: HandshakeAllThreads
Event: 22.084 Executing VM operation: HandshakeAllThreads done
Event: 22.128 Executing VM operation: G1CollectForAllocation

Events (20 events):
Event: 22.111 Thread 0x0000027b6bc8f6a0 flushing nmethod 0x0000027b528f7d90
Event: 22.112 Thread 0x0000027b6bc8f6a0 flushing nmethod 0x0000027b528fc190
Event: 22.112 Thread 0x0000027b6bc8f6a0 flushing nmethod 0x0000027b52903110
Event: 22.112 Thread 0x0000027b6bc8f6a0 flushing nmethod 0x0000027b5290bf10
Event: 22.112 Thread 0x0000027b6bc8f6a0 flushing nmethod 0x0000027b52914490
Event: 22.112 Thread 0x0000027b6bc8f6a0 flushing nmethod 0x0000027b52915f90
Event: 22.112 Thread 0x0000027b6bc8f6a0 flushing nmethod 0x0000027b52926a90
Event: 22.112 Thread 0x0000027b6bc8f6a0 flushing nmethod 0x0000027b5294e910
Event: 22.112 Thread 0x0000027b6bc8f6a0 flushing nmethod 0x0000027b52955910
Event: 22.112 Thread 0x0000027b6bc8f6a0 flushing nmethod 0x0000027b52967d10
Event: 22.112 Thread 0x0000027b6bc8f6a0 flushing nmethod 0x0000027b5297bb90
Event: 22.112 Thread 0x0000027b6bc8f6a0 flushing nmethod 0x0000027b5297e790
Event: 22.112 Thread 0x0000027b6bc8f6a0 flushing nmethod 0x0000027b5298ce10
Event: 22.112 Thread 0x0000027b6bc8f6a0 flushing nmethod 0x0000027b529fb510
Event: 22.112 Thread 0x0000027b6bc8f6a0 flushing nmethod 0x0000027b52a0ff10
Event: 22.112 Thread 0x0000027b6bc8f6a0 flushing nmethod 0x0000027b52a19890
Event: 22.113 Thread 0x0000027b6bc8f6a0 flushing nmethod 0x0000027b52b36090
Event: 22.113 Thread 0x0000027b6bc8f6a0 flushing nmethod 0x0000027b52bc1010
Event: 22.113 Thread 0x0000027b6bc8f6a0 flushing nmethod 0x0000027b52bc9b10
Event: 22.114 Thread 0x0000027b6bc8f6a0 flushing nmethod 0x0000027b52e44210


Dynamic libraries:
0x00007ff611480000 - 0x00007ff61148a000 	C:\Program Files\Android\Android Studio Flamingo\jbr\bin\java.exe
0x00007ffcd3eb0000 - 0x00007ffcd40a6000 	C:\Windows\SYSTEM32\ntdll.dll
0x00007ffcd2930000 - 0x00007ffcd29ed000 	C:\Windows\System32\KERNEL32.DLL
0x00007ffcd16d0000 - 0x00007ffcd1999000 	C:\Windows\System32\KERNELBASE.dll
0x00007ffcd1b90000 - 0x00007ffcd1c90000 	C:\Windows\System32\ucrtbase.dll
0x00007ffcb8f00000 - 0x00007ffcb8f1b000 	C:\Program Files\Android\Android Studio Flamingo\jbr\bin\VCRUNTIME140.dll
0x00007ffcc8430000 - 0x00007ffcc8447000 	C:\Program Files\Android\Android Studio Flamingo\jbr\bin\jli.dll
0x00007ffcd1ee0000 - 0x00007ffcd2080000 	C:\Windows\System32\USER32.dll
0x00007ffcd19a0000 - 0x00007ffcd19c2000 	C:\Windows\System32\win32u.dll
0x00007ffcd33f0000 - 0x00007ffcd341a000 	C:\Windows\System32\GDI32.dll
0x00007ffcb3090000 - 0x00007ffcb332b000 	C:\Windows\WinSxS\amd64_microsoft.windows.common-controls_6595b64144ccf1df_6.0.19041.746_none_ca02b4b61b8320a4\COMCTL32.dll
0x00007ffcd15c0000 - 0x00007ffcd16cb000 	C:\Windows\System32\gdi32full.dll
0x00007ffcd1e40000 - 0x00007ffcd1edd000 	C:\Windows\System32\msvcp_win.dll
0x00007ffcd3350000 - 0x00007ffcd33ee000 	C:\Windows\System32\msvcrt.dll
0x00007ffcd2d30000 - 0x00007ffcd2d60000 	C:\Windows\System32\IMM32.DLL
0x00007ffcc6b40000 - 0x00007ffcc6b4c000 	C:\Program Files\Android\Android Studio Flamingo\jbr\bin\vcruntime140_1.dll
0x00007ffc77bf0000 - 0x00007ffc77c7d000 	C:\Program Files\Android\Android Studio Flamingo\jbr\bin\msvcp140.dll
0x00007ffc5e4e0000 - 0x00007ffc5f14e000 	C:\Program Files\Android\Android Studio Flamingo\jbr\bin\server\jvm.dll
0x00007ffcd2ba0000 - 0x00007ffcd2c4c000 	C:\Windows\System32\ADVAPI32.dll
0x00007ffcd2080000 - 0x00007ffcd211c000 	C:\Windows\System32\sechost.dll
0x00007ffcd2dd0000 - 0x00007ffcd2efb000 	C:\Windows\System32\RPCRT4.dll
0x00007ffcc7ae0000 - 0x00007ffcc7aea000 	C:\Windows\SYSTEM32\VERSION.dll
0x00007ffccb6c0000 - 0x00007ffccb6c9000 	C:\Windows\SYSTEM32\WSOCK32.dll
0x00007ffcc0380000 - 0x00007ffcc03a7000 	C:\Windows\SYSTEM32\WINMM.dll
0x00007ffcd2f00000 - 0x00007ffcd2f6b000 	C:\Windows\System32\WS2_32.dll
0x00007ffccfee0000 - 0x00007ffccfef2000 	C:\Windows\SYSTEM32\kernel.appcore.dll
0x00007ffccb6a0000 - 0x00007ffccb6aa000 	C:\Program Files\Android\Android Studio Flamingo\jbr\bin\jimage.dll
0x00007ffccfa00000 - 0x00007ffccfbe4000 	C:\Windows\SYSTEM32\DBGHELP.DLL
0x00007ffca4190000 - 0x00007ffca41bc000 	C:\Windows\SYSTEM32\dbgcore.DLL
0x00007ffcd19d0000 - 0x00007ffcd1a50000 	C:\Windows\System32\bcryptPrimitives.dll
0x00007ffcc8560000 - 0x00007ffcc8585000 	C:\Program Files\Android\Android Studio Flamingo\jbr\bin\java.dll
0x00007ffcc8600000 - 0x00007ffcc8618000 	C:\Program Files\Android\Android Studio Flamingo\jbr\bin\zip.dll
0x00007ffcd2120000 - 0x00007ffcd2862000 	C:\Windows\System32\SHELL32.dll
0x00007ffccf1a0000 - 0x00007ffccf930000 	C:\Windows\SYSTEM32\windows.storage.dll
0x00007ffcd2f70000 - 0x00007ffcd32c6000 	C:\Windows\System32\combase.dll
0x00007ffcd0f50000 - 0x00007ffcd0f7c000 	C:\Windows\SYSTEM32\Wldp.dll
0x00007ffcd3550000 - 0x00007ffcd35fe000 	C:\Windows\System32\SHCORE.dll
0x00007ffcd3420000 - 0x00007ffcd3475000 	C:\Windows\System32\shlwapi.dll
0x00007ffcd14f0000 - 0x00007ffcd1516000 	C:\Windows\SYSTEM32\profapi.dll
0x00007ffcc8520000 - 0x00007ffcc8539000 	C:\Program Files\Android\Android Studio Flamingo\jbr\bin\net.dll
0x00007ffcc9990000 - 0x00007ffcc9a90000 	C:\Windows\SYSTEM32\WINHTTP.dll
0x00007ffcd0cd0000 - 0x00007ffcd0d3a000 	C:\Windows\system32\mswsock.dll
0x00007ffcc84d0000 - 0x00007ffcc84e6000 	C:\Program Files\Android\Android Studio Flamingo\jbr\bin\nio.dll
0x00007ffcc94a0000 - 0x00007ffcc94b0000 	C:\Program Files\Android\Android Studio Flamingo\jbr\bin\verify.dll

dbghelp: loaded successfully - version: 4.0.5 - missing functions: none
symbol engine: initialized successfully - sym options: 0x614 - pdb path: .;C:\Program Files\Android\Android Studio Flamingo\jbr\bin;C:\Windows\SYSTEM32;C:\Windows\WinSxS\amd64_microsoft.windows.common-controls_6595b64144ccf1df_6.0.19041.746_none_ca02b4b61b8320a4;C:\Program Files\Android\Android Studio Flamingo\jbr\bin\server

VM Arguments:
java_command: org.jetbrains.kotlin.cli.jvm.K2JVMCompiler @C:\Users\ramil\AndroidStudioProjects\Apllications\BarApp\app\build\20240204_11825625058397567126.compiler.options
java_class_path (initial): C:\Users\ramil\.gradle\caches\modules-2\files-2.1\org.jetbrains.kotlin\kotlin-compiler-embeddable\1.8.10\b0757fd774344d54ce93f5ad6c30ba1c1731c8ff\kotlin-compiler-embeddable-1.8.10.jar;C:\Users\ramil\.gradle\caches\modules-2\files-2.1\org.jetbrains.kotlin\kotlin-stdlib\1.8.10\6d5560a229477df9406943d5feda5618e98eb64c\kotlin-stdlib-1.8.10.jar;C:\Users\ramil\.gradle\caches\modules-2\files-2.1\org.jetbrains.kotlin\kotlin-script-runtime\1.8.10\b13ea9c7e46d589139e56086a878763290e20bd5\kotlin-script-runtime-1.8.10.jar;C:\Users\ramil\.gradle\caches\modules-2\files-2.1\org.jetbrains.kotlin\kotlin-reflect\1.6.10\1cbe9c92c12a94eea200d23c2bbaedaf3daf5132\kotlin-reflect-1.6.10.jar;C:\Users\ramil\.gradle\caches\modules-2\files-2.1\org.jetbrains.kotlin\kotlin-daemon-embeddable\1.8.10\ad8541d9bc1cf9e52c3204161247910c2cf601d4\kotlin-daemon-embeddable-1.8.10.jar;C:\Users\ramil\.gradle\caches\modules-2\files-2.1\org.jetbrains.intellij.deps\trove4j\1.0.20200330\3afb14d5f9ceb459d724e907a21145e8ff394f02\trove4j-1.0.20200330.jar;C:\Users\ramil\.gradle\caches\modules-2\files-2.1\net.java.dev.jna\jna\5.6.0\330f2244e9030119ab3030fc3fededc86713d9cc\jna-5.6.0.jar;C:\Users\ramil\.gradle\caches\modules-2\files-2.1\org.jetbrains.kotlin\kotlin-stdlib-common\1.8.10\a61b182458550492c12aee66157d7b524a63a5ec\kotlin-stdlib-common-1.8.10.jar;C:\Users\ramil\.gradle\caches\modules-2\files-2.1\org.jetbrains\annotations\13.0\919f0dfe192fb4e063e7dacadee7f8bb9a2672a9\annotations-13.0.jar
Launcher Type: SUN_STANDARD

[Global flags]
     intx CICompilerCount                          = 3                                         {product} {ergonomic}
     uint ConcGCThreads                            = 1                                         {product} {ergonomic}
     uint G1ConcRefinementThreads                  = 4                                         {product} {ergonomic}
   size_t G1HeapRegionSize                         = 2097152                                   {product} {ergonomic}
    uintx GCDrainStackTargetSize                   = 64                                        {product} {ergonomic}
   size_t InitialHeapSize                          = 264241152                                 {product} {ergonomic}
   size_t MarkStackSize                            = 4194304                                   {product} {ergonomic}
   size_t MaxHeapSize                              = 4202692608                                {product} {ergonomic}
   size_t MaxNewSize                               = 2520776704                                {product} {ergonomic}
   size_t MinHeapDeltaBytes                        = 2097152                                   {product} {ergonomic}
   size_t MinHeapSize                              = 8388608                                   {product} {ergonomic}
    uintx NonNMethodCodeHeapSize                   = 5832780                                {pd product} {ergonomic}
    uintx NonProfiledCodeHeapSize                  = 122912730                              {pd product} {ergonomic}
    uintx ProfiledCodeHeapSize                     = 122912730                              {pd product} {ergonomic}
    uintx ReservedCodeCacheSize                    = 251658240                              {pd product} {ergonomic}
     bool SegmentedCodeCache                       = true                                      {product} {ergonomic}
   size_t SoftMaxHeapSize                          = 4202692608                             {manageable} {ergonomic}
     bool UseCompressedClassPointers               = true                           {product lp64_product} {ergonomic}
     bool UseCompressedOops                        = true                           {product lp64_product} {ergonomic}
     bool UseG1GC                                  = true                                      {product} {ergonomic}
     bool UseLargePagesIndividualAllocation        = false                                  {pd product} {ergonomic}

Logging:
Log output configuration:
 #0: stdout all=warning uptime,level,tags
 #1: stderr all=off uptime,level,tags

Environment Variables:
PATH=C:\GTK\bin;C:\Program Files\Eclipse Foundation\jdk-8.0.302.8-hotspot\bin;C:\Windows\system32;C:\Windows;C:\Windows\System32\Wbem;C:\Windows\System32\WindowsPowerShell\v1.0\;D:\Program Files (x86)\Brackets\command;C:\Program Files\dotnet\;C:\Program Files\Microsoft SQL Server\130\Tools\Binn\;C:\Program Files\Microsoft SQL Server\Client SDK\ODBC\170\Tools\Binn\;C:\Program Files (x86)\Common Files\Acronis\SnapAPI\;C:\Program Files (x86)\Microsoft SQL Server\150\Tools\Binn\;C:\Program Files\Microsoft SQL Server\150\Tools\Binn\;C:\Program Files\Microsoft SQL Server\150\DTS\Binn\;C:\Program Files (x86)\Microsoft SQL Server\150\DTS\Binn\;C:\Program Files\Azure Data Studio\bin;D:\Program Files\Git\cmd;C:\Program Files\OpenSSL-Win64\bin;C:\Users\ramil\AppData\Local\Programs\Python\Python310\Scripts\;C:\Users\ramil\AppData\Local\Programs\Python\Python310\;C:\Users\ramil\AppData\Local\Microsoft\WindowsApps;;C:\Program Files\Azure Data Studio\bin;C:\Users\ramil\.dotnet\tools
USERNAME=ramil
OS=Windows_NT
PROCESSOR_IDENTIFIER=Intel64 Family 6 Model 140 Stepping 1, GenuineIntel
TMP=C:\Users\ramil\AppData\Local\Temp
TEMP=C:\Users\ramil\AppData\Local\Temp


JNI global refs:
JNI global refs: 11, weak refs: 6

JNI global refs memory usage: 843, weak refs: 841


---------------  S Y S T E M  ---------------

OS:
 Windows 10 , 64 bit Build 19041 (10.0.19041.782)
OS uptime: 0 days 14:29 hours

CPU: total 4 (initial active 4) (2 cores per cpu, 2 threads per core) family 6 model 140 stepping 1 microcode 0xa4, cx8, cmov, fxsr, ht, mmx, 3dnowpref, sse, sse2, sse3, ssse3, sse4.1, sse4.2, popcnt, lzcnt, tsc, tscinvbit, avx, avx2, aes, erms, clmul, bmi1, bmi2, adx, avx512f, avx512dq, avx512cd, avx512bw, avx512vl, sha, fma, vzeroupper, avx512_vpopcntdq, avx512_vpclmulqdq, avx512_vaes, avx512_vnni, clflush, clflushopt, clwb, avx512_vbmi2, avx512_vbmi

Memory: 4k page, system-wide physical 16025M (481M free)
TotalPageFile size 23025M (AvailPageFile size 5M)
current process WorkingSet (physical memory assigned to process): 496M, peak: 496M
current process commit charge ("private bytes"): 549M, peak: 571M

vm_info: OpenJDK 64-Bit Server VM (17.0.6+0-b2043.56-10027231) for windows-amd64 JRE (17.0.6+0-b2043.56-10027231), built on Apr 28 2023 00:43:19 by "androidbuild" with MS VC++ 16.10 / 16.11 (VS2019)

END.
