#
# There is insufficient memory for the Java Runtime Environment to continue.
# Native memory allocation (mmap) failed to map 94371840 bytes for G1 virtual space
# Possible reasons:
#   The system is out of physical RAM or swap space
#   The process is running with CompressedOops enabled, and the Java Heap may be blocking the growth of the native heap
# Possible solutions:
#   Reduce memory load on the system
#   Increase physical memory or swap space
#   Check if swap backing store is full
#   Decrease Java heap size (-Xmx/-Xms)
#   Decrease number of Java threads
#   Decrease Java thread stack sizes (-Xss)
#   Set larger code cache with -XX:ReservedCodeCacheSize=
#   JVM is running with Zero Based Compressed Oops mode in which the Java heap is
#     placed in the first 32GB address space. The Java Heap base address is the
#     maximum limit for the native heap growth. Please use -XX:HeapBaseMinAddress
#     to set the Java Heap base and to place the Java Heap above 32GB virtual address.
# This output file may be truncated or incomplete.
#
#  Out of Memory Error (os_windows.cpp:3769), pid=16364, tid=2888
#
# JRE version: OpenJDK Runtime Environment (17.0.6) (build 17.0.6+0-b2043.56-10027231)
# Java VM: OpenJDK 64-Bit Server VM (17.0.6+0-b2043.56-10027231, mixed mode, tiered, compressed oops, compressed class ptrs, g1 gc, windows-amd64)
# No core dump will be written. Minidumps are not enabled by default on client versions of Windows
#

---------------  S U M M A R Y ------------

Command Line: org.jetbrains.kotlin.cli.jvm.K2JVMCompiler @C:\Users\ramil\AndroidStudioProjects\Apllications\BarApp\app\build\20240204_3501368117118741557.compiler.options

Host: Intel(R) Pentium(R) Gold 7505 @ 2.00GHz, 4 cores, 15G,  Windows 10 , 64 bit Build 19041 (10.0.19041.782)
Time: Sun Feb  4 05:28:54 2024 RTZ 2 (s 10 , 64 bit Build 19041 (10.0.19041.782) elapsed time: 14.790238 seconds (0d 0h 0m 14s)

---------------  T H R E A D  ---------------

Current thread (0x0000016e23d6e740):  VMThread "VM Thread" [stack: 0x0000001c9f800000,0x0000001c9f900000] [id=2888]

Stack: [0x0000001c9f800000,0x0000001c9f900000]
Native frames: (J=compiled Java code, j=interpreted, Vv=VM code, C=native code)
V  [jvm.dll+0x683c9a]
V  [jvm.dll+0x8427a4]
V  [jvm.dll+0x843f9e]
V  [jvm.dll+0x844603]
V  [jvm.dll+0x249b75]
V  [jvm.dll+0x680b69]
V  [jvm.dll+0x67505a]
V  [jvm.dll+0x309acb]
V  [jvm.dll+0x310f86]
V  [jvm.dll+0x3608ee]
V  [jvm.dll+0x360b1f]
V  [jvm.dll+0x2dfbf8]
V  [jvm.dll+0x2ddec4]
V  [jvm.dll+0x2dd4cc]
V  [jvm.dll+0x321f3b]
V  [jvm.dll+0x848ccb]
V  [jvm.dll+0x849a04]
V  [jvm.dll+0x849f1d]
V  [jvm.dll+0x84a2f4]
V  [jvm.dll+0x84a3c0]
V  [jvm.dll+0x7f274a]
V  [jvm.dll+0x682ad5]
C  [ucrtbase.dll+0x21bb2]
C  [KERNEL32.DLL+0x17034]
C  [ntdll.dll+0x4d241]

VM_Operation (0x0000001c9f2fc000): G1CollectForAllocation, mode: safepoint, requested by thread 0x0000016e03f279d0


---------------  P R O C E S S  ---------------

Threads class SMR info:
_java_thread_list=0x0000016e27557760, length=13, elements={
0x0000016e03f279d0, 0x0000016e2481e160, 0x0000016e2481ef90, 0x0000016e24852570,
0x0000016e24855330, 0x0000016e24857cf0, 0x0000016e24874b60, 0x0000016e24875750,
0x0000016e24879640, 0x0000016e2487a810, 0x0000016e249f81d0, 0x0000016e24a04870,
0x0000016e263da810
}

Java Threads: ( => current thread )
  0x0000016e03f279d0 JavaThread "main" [_thread_blocked, id=8516, stack(0x0000001c9f200000,0x0000001c9f300000)]
  0x0000016e2481e160 JavaThread "Reference Handler" daemon [_thread_blocked, id=14904, stack(0x0000001c9f900000,0x0000001c9fa00000)]
  0x0000016e2481ef90 JavaThread "Finalizer" daemon [_thread_blocked, id=9728, stack(0x0000001c9fa00000,0x0000001c9fb00000)]
  0x0000016e24852570 JavaThread "Signal Dispatcher" daemon [_thread_blocked, id=17284, stack(0x0000001c9fb00000,0x0000001c9fc00000)]
  0x0000016e24855330 JavaThread "Attach Listener" daemon [_thread_blocked, id=6396, stack(0x0000001c9fc00000,0x0000001c9fd00000)]
  0x0000016e24857cf0 JavaThread "Service Thread" daemon [_thread_blocked, id=15232, stack(0x0000001c9fd00000,0x0000001c9fe00000)]
  0x0000016e24874b60 JavaThread "Monitor Deflation Thread" daemon [_thread_blocked, id=2644, stack(0x0000001c9fe00000,0x0000001c9ff00000)]
  0x0000016e24875750 JavaThread "C2 CompilerThread0" daemon [_thread_blocked, id=15596, stack(0x0000001c9ff00000,0x0000001ca0000000)]
  0x0000016e24879640 JavaThread "C1 CompilerThread0" daemon [_thread_blocked, id=1288, stack(0x0000001ca0000000,0x0000001ca0100000)]
  0x0000016e2487a810 JavaThread "Sweeper thread" daemon [_thread_blocked, id=8108, stack(0x0000001ca0100000,0x0000001ca0200000)]
  0x0000016e249f81d0 JavaThread "Notification Thread" daemon [_thread_blocked, id=17964, stack(0x0000001ca0200000,0x0000001ca0300000)]
  0x0000016e24a04870 JavaThread "Common-Cleaner" daemon [_thread_blocked, id=17324, stack(0x0000001ca0400000,0x0000001ca0500000)]
  0x0000016e263da810 JavaThread "C2 CompilerThread1" daemon [_thread_blocked, id=9388, stack(0x0000001ca0800000,0x0000001ca0900000)]

Other Threads:
=>0x0000016e23d6e740 VMThread "VM Thread" [stack: 0x0000001c9f800000,0x0000001c9f900000] [id=2888]
  0x0000016e03fad700 WatcherThread [stack: 0x0000001ca0300000,0x0000001ca0400000] [id=2516]
  0x0000016e03f958b0 GCTaskThread "GC Thread#0" [stack: 0x0000001c9f300000,0x0000001c9f400000] [id=8972]
  0x0000016e24dde240 GCTaskThread "GC Thread#1" [stack: 0x0000001ca0500000,0x0000001ca0600000] [id=12920]
  0x0000016e24dde4f0 GCTaskThread "GC Thread#2" [stack: 0x0000001ca0600000,0x0000001ca0700000] [id=15792]
  0x0000016e24dde7a0 GCTaskThread "GC Thread#3" [stack: 0x0000001ca0700000,0x0000001ca0800000] [id=13012]
  0x0000016e03fa6270 ConcurrentGCThread "G1 Main Marker" [stack: 0x0000001c9f400000,0x0000001c9f500000] [id=17580]
  0x0000016e03fa7420 ConcurrentGCThread "G1 Conc#0" [stack: 0x0000001c9f500000,0x0000001c9f600000] [id=8496]
  0x0000016e03fea7b0 ConcurrentGCThread "G1 Refine#0" [stack: 0x0000001c9f600000,0x0000001c9f700000] [id=14524]
  0x0000016e25d08bf0 ConcurrentGCThread "G1 Refine#1" [stack: 0x0000001ca0900000,0x0000001ca0a00000] [id=16568]
  0x0000016e29caaf90 ConcurrentGCThread "G1 Refine#2" [stack: 0x0000001ca0a00000,0x0000001ca0b00000] [id=13876]
  0x0000016e29cad210 ConcurrentGCThread "G1 Refine#3" [stack: 0x0000001ca0b00000,0x0000001ca0c00000] [id=18308]
  0x0000016e03feb1d0 ConcurrentGCThread "G1 Service" [stack: 0x0000001c9f700000,0x0000001c9f800000] [id=14956]

Threads with active compile tasks:
C2 CompilerThread0    14799 10633       4       jdk.internal.loader.BuiltinClassLoader::loadClassOrNull (7 bytes)
C2 CompilerThread1    14799 10556       4       jdk.internal.loader.ClassLoaders$AppClassLoader::defineOrCheckPackage (8 bytes)

VM state: at safepoint (normal execution)

VM Mutex/Monitor currently owned by a thread:  ([mutex/lock_event])
[0x0000016e03f21760] Threads_lock - owner thread: 0x0000016e23d6e740
[0x0000016e03f22a80] Heap_lock - owner thread: 0x0000016e03f279d0

Heap address: 0x0000000705800000, size: 4008 MB, Compressed Oops mode: Zero based, Oop shift amount: 3

CDS archive(s) not mapped
Compressed class space mapped at: 0x0000000800000000-0x0000000840000000, reserved size: 1073741824
Narrow klass base: 0x0000000800000000, Narrow klass shift: 0, Narrow klass range: 0x40000000

GC Precious Log:
 CPUs: 4 total, 4 available
 Memory: 16025M
 Large Page Support: Disabled
 NUMA Support: Disabled
 Compressed Oops: Enabled (Zero based)
 Heap Region Size: 2M
 Heap Min Capacity: 8M
 Heap Initial Capacity: 252M
 Heap Max Capacity: 4008M
 Pre-touch: Disabled
 Parallel Workers: 4
 Concurrent Workers: 1
 Concurrent Refinement Workers: 4
 Periodic GC: Disabled

Heap:
 garbage-first heap   total 133120K, used 83209K [0x0000000705800000, 0x0000000800000000)
  region size 2048K, 2 young (4096K), 2 survivors (4096K)
 Metaspace       used 69495K, committed 69760K, reserved 1114112K
  class space    used 7860K, committed 8000K, reserved 1048576K

Heap Regions: E=young(eden), S=young(survivor), O=old, HS=humongous(starts), HC=humongous(continues), CS=collection set, F=free, OA=open archive, CA=closed archive, TAMS=top-at-mark-start (previous, next)
|   0|0x0000000705800000, 0x0000000705a00000, 0x0000000705a00000|100%|HS|  |TAMS 0x0000000705a00000, 0x0000000705a00000| Complete 
|   1|0x0000000705a00000, 0x0000000705c00000, 0x0000000705c00000|100%|HC|  |TAMS 0x0000000705c00000, 0x0000000705c00000| Complete 
|   2|0x0000000705c00000, 0x0000000705de2c00, 0x0000000705e00000| 94%| O|  |TAMS 0x0000000705de2c00, 0x0000000705de2c00| Untracked 
|   3|0x0000000705e00000, 0x0000000706000000, 0x0000000706000000|100%| O|  |TAMS 0x0000000706000000, 0x0000000706000000| Untracked 
|   4|0x0000000706000000, 0x0000000706200000, 0x0000000706200000|100%| O|  |TAMS 0x0000000706200000, 0x0000000706200000| Untracked 
|   5|0x0000000706200000, 0x0000000706400000, 0x0000000706400000|100%|HS|  |TAMS 0x0000000706200000, 0x0000000706400000| Complete 
|   6|0x0000000706400000, 0x0000000706600000, 0x0000000706600000|100%| O|  |TAMS 0x0000000706600000, 0x0000000706600000| Untracked 
|   7|0x0000000706600000, 0x0000000706800000, 0x0000000706800000|100%|HS|  |TAMS 0x0000000706800000, 0x0000000706800000| Complete 
|   8|0x0000000706800000, 0x0000000706a00000, 0x0000000706a00000|100%| O|  |TAMS 0x0000000706a00000, 0x0000000706a00000| Untracked 
|   9|0x0000000706a00000, 0x0000000706c00000, 0x0000000706c00000|100%| O|  |TAMS 0x0000000706c00000, 0x0000000706c00000| Untracked 
|  10|0x0000000706c00000, 0x0000000706e00000, 0x0000000706e00000|100%| O|  |TAMS 0x0000000706e00000, 0x0000000706e00000| Untracked 
|  11|0x0000000706e00000, 0x0000000707000000, 0x0000000707000000|100%| O|  |TAMS 0x0000000707000000, 0x0000000707000000| Untracked 
|  12|0x0000000707000000, 0x0000000707200000, 0x0000000707200000|100%| O|  |TAMS 0x0000000707200000, 0x0000000707200000| Untracked 
|  13|0x0000000707200000, 0x0000000707400000, 0x0000000707400000|100%| O|  |TAMS 0x0000000707400000, 0x0000000707400000| Untracked 
|  14|0x0000000707400000, 0x0000000707600000, 0x0000000707600000|100%| O|  |TAMS 0x0000000707600000, 0x0000000707600000| Untracked 
|  15|0x0000000707600000, 0x0000000707800000, 0x0000000707800000|100%| O|  |TAMS 0x0000000707800000, 0x0000000707800000| Untracked 
|  16|0x0000000707800000, 0x0000000707a00000, 0x0000000707a00000|100%| O|  |TAMS 0x0000000707a00000, 0x0000000707a00000| Untracked 
|  17|0x0000000707a00000, 0x0000000707c00000, 0x0000000707c00000|100%| O|  |TAMS 0x0000000707c00000, 0x0000000707c00000| Untracked 
|  18|0x0000000707c00000, 0x0000000707e00000, 0x0000000707e00000|100%| O|  |TAMS 0x0000000707e00000, 0x0000000707e00000| Untracked 
|  19|0x0000000707e00000, 0x0000000708000000, 0x0000000708000000|100%| O|  |TAMS 0x0000000708000000, 0x0000000708000000| Untracked 
|  20|0x0000000708000000, 0x0000000708200000, 0x0000000708200000|100%| O|  |TAMS 0x0000000708200000, 0x0000000708200000| Untracked 
|  21|0x0000000708200000, 0x0000000708400000, 0x0000000708400000|100%| O|  |TAMS 0x0000000708400000, 0x0000000708400000| Untracked 
|  22|0x0000000708400000, 0x0000000708600000, 0x0000000708600000|100%| O|  |TAMS 0x0000000708600000, 0x0000000708600000| Untracked 
|  23|0x0000000708600000, 0x0000000708800000, 0x0000000708800000|100%| O|  |TAMS 0x0000000708800000, 0x0000000708800000| Untracked 
|  24|0x0000000708800000, 0x0000000708a00000, 0x0000000708a00000|100%| O|  |TAMS 0x0000000708a00000, 0x0000000708a00000| Untracked 
|  25|0x0000000708a00000, 0x0000000708c00000, 0x0000000708c00000|100%| O|  |TAMS 0x0000000708c00000, 0x0000000708c00000| Untracked 
|  26|0x0000000708c00000, 0x0000000708e00000, 0x0000000708e00000|100%| O|  |TAMS 0x0000000708e00000, 0x0000000708e00000| Untracked 
|  27|0x0000000708e00000, 0x0000000709000000, 0x0000000709000000|100%| O|  |TAMS 0x0000000709000000, 0x0000000709000000| Untracked 
|  28|0x0000000709000000, 0x0000000709200000, 0x0000000709200000|100%| O|  |TAMS 0x0000000709200000, 0x0000000709200000| Untracked 
|  29|0x0000000709200000, 0x0000000709400000, 0x0000000709400000|100%| O|  |TAMS 0x0000000709400000, 0x0000000709400000| Untracked 
|  30|0x0000000709400000, 0x0000000709600000, 0x0000000709600000|100%| O|  |TAMS 0x0000000709600000, 0x0000000709600000| Untracked 
|  31|0x0000000709600000, 0x0000000709800000, 0x0000000709800000|100%| O|  |TAMS 0x0000000709664400, 0x0000000709800000| Untracked 
|  32|0x0000000709800000, 0x0000000709a00000, 0x0000000709a00000|100%| O|  |TAMS 0x0000000709800000, 0x0000000709a00000| Untracked 
|  33|0x0000000709a00000, 0x0000000709c00000, 0x0000000709c00000|100%| O|  |TAMS 0x0000000709a00000, 0x0000000709c00000| Untracked 
|  34|0x0000000709c00000, 0x0000000709e00000, 0x0000000709e00000|100%| O|  |TAMS 0x0000000709c00000, 0x0000000709e00000| Untracked 
|  35|0x0000000709e00000, 0x000000070a000000, 0x000000070a000000|100%| O|  |TAMS 0x0000000709e00000, 0x000000070a000000| Untracked 
|  36|0x000000070a000000, 0x000000070a200000, 0x000000070a200000|100%| O|  |TAMS 0x000000070a000000, 0x000000070a0c0200| Untracked 
|  37|0x000000070a200000, 0x000000070a3d7400, 0x000000070a400000| 92%| O|  |TAMS 0x000000070a200000, 0x000000070a200000| Untracked 
|  38|0x000000070a400000, 0x000000070a400000, 0x000000070a600000|  0%| F|  |TAMS 0x000000070a400000, 0x000000070a400000| Untracked 
|  39|0x000000070a600000, 0x000000070a600000, 0x000000070a800000|  0%| F|  |TAMS 0x000000070a600000, 0x000000070a600000| Untracked 
|  40|0x000000070a800000, 0x000000070a800000, 0x000000070aa00000|  0%| F|  |TAMS 0x000000070a800000, 0x000000070a800000| Untracked 
|  41|0x000000070aa00000, 0x000000070aa00000, 0x000000070ac00000|  0%| F|  |TAMS 0x000000070aa00000, 0x000000070aa00000| Untracked 
|  42|0x000000070ac00000, 0x000000070ac00000, 0x000000070ae00000|  0%| F|  |TAMS 0x000000070ac00000, 0x000000070ac00000| Untracked 
|  43|0x000000070ae00000, 0x000000070ae00000, 0x000000070b000000|  0%| F|  |TAMS 0x000000070ae00000, 0x000000070ae00000| Untracked 
|  44|0x000000070b000000, 0x000000070b000000, 0x000000070b200000|  0%| F|  |TAMS 0x000000070b000000, 0x000000070b000000| Untracked 
|  45|0x000000070b200000, 0x000000070b200000, 0x000000070b400000|  0%| F|  |TAMS 0x000000070b200000, 0x000000070b200000| Untracked 
|  46|0x000000070b400000, 0x000000070b400000, 0x000000070b600000|  0%| F|  |TAMS 0x000000070b400000, 0x000000070b400000| Untracked 
|  47|0x000000070b600000, 0x000000070b600000, 0x000000070b800000|  0%| F|  |TAMS 0x000000070b600000, 0x000000070b600000| Untracked 
|  48|0x000000070b800000, 0x000000070b800000, 0x000000070ba00000|  0%| F|  |TAMS 0x000000070b800000, 0x000000070b800000| Untracked 
|  49|0x000000070ba00000, 0x000000070ba00000, 0x000000070bc00000|  0%| F|  |TAMS 0x000000070ba00000, 0x000000070ba00000| Untracked 
|  50|0x000000070bc00000, 0x000000070bd884c0, 0x000000070be00000| 76%| S|CS|TAMS 0x000000070bc00000, 0x000000070bc00000| Complete 
|  51|0x000000070be00000, 0x000000070c000000, 0x000000070c000000|100%| S|CS|TAMS 0x000000070be00000, 0x000000070be00000| Complete 
|  52|0x000000070c000000, 0x000000070c000000, 0x000000070c200000|  0%| F|  |TAMS 0x000000070c000000, 0x000000070c000000| Untracked 
|  53|0x000000070c200000, 0x000000070c200000, 0x000000070c400000|  0%| F|  |TAMS 0x000000070c200000, 0x000000070c200000| Untracked 
|  54|0x000000070c400000, 0x000000070c400000, 0x000000070c600000|  0%| F|  |TAMS 0x000000070c400000, 0x000000070c400000| Untracked 
|  55|0x000000070c600000, 0x000000070c600000, 0x000000070c800000|  0%| F|  |TAMS 0x000000070c600000, 0x000000070c600000| Untracked 
|  56|0x000000070c800000, 0x000000070c800000, 0x000000070ca00000|  0%| F|  |TAMS 0x000000070c800000, 0x000000070c800000| Untracked 
|  57|0x000000070ca00000, 0x000000070ca00000, 0x000000070cc00000|  0%| F|  |TAMS 0x000000070ca00000, 0x000000070ca00000| Untracked 
|  58|0x000000070cc00000, 0x000000070cc00000, 0x000000070ce00000|  0%| F|  |TAMS 0x000000070cc00000, 0x000000070cc00000| Untracked 
|  59|0x000000070ce00000, 0x000000070ce00000, 0x000000070d000000|  0%| F|  |TAMS 0x000000070ce00000, 0x000000070ce00000| Untracked 
|  60|0x000000070d000000, 0x000000070d000000, 0x000000070d200000|  0%| F|  |TAMS 0x000000070d000000, 0x000000070d000000| Untracked 
| 106|0x0000000712c00000, 0x0000000712c00000, 0x0000000712e00000|  0%| F|  |TAMS 0x0000000712c00000, 0x0000000712c00000| Untracked 
| 107|0x0000000712e00000, 0x0000000712e00000, 0x0000000713000000|  0%| F|  |TAMS 0x0000000712e00000, 0x0000000712e00000| Untracked 
| 125|0x0000000715200000, 0x0000000715200000, 0x0000000715400000|  0%| F|  |TAMS 0x0000000715200000, 0x0000000715200000| Untracked 
|2003|0x00000007ffe00000, 0x0000000800000000, 0x0000000800000000|100%| O|  |TAMS 0x0000000800000000, 0x0000000800000000| Untracked 

Card table byte_map: [0x0000016e189e0000,0x0000016e191c0000] _byte_map_base: 0x0000016e151b4000

Marking Bits (Prev, Next): (CMBitMap*) 0x0000016e03f95ec0, (CMBitMap*) 0x0000016e03f95f00
 Prev Bits: [0x0000016e199a0000, 0x0000016e1d840000)
 Next Bits: [0x0000016e1d840000, 0x0000016e216e0000)

Polling page: 0x0000016e04000000

Metaspace:

Usage:
  Non-class:     60.19 MB used.
      Class:      7.68 MB used.
       Both:     67.87 MB used.

Virtual space:
  Non-class space:       64.00 MB reserved,      60.31 MB ( 94%) committed,  8 nodes.
      Class space:        1.00 GB reserved,       7.81 MB ( <1%) committed,  1 nodes.
             Both:        1.06 GB reserved,      68.12 MB (  6%) committed. 

Chunk freelists:
   Non-Class:  3.27 MB
       Class:  208.00 KB
        Both:  3.47 MB

MaxMetaspaceSize: unlimited
CompressedClassSpaceSize: 1.00 GB
Initial GC threshold: 21.00 MB
Current GC threshold: 100.62 MB
CDS: off
MetaspaceReclaimPolicy: balanced
 - commit_granule_bytes: 65536.
 - commit_granule_words: 8192.
 - virtual_space_node_default_size: 1048576.
 - enlarge_chunks_in_place: 1.
 - new_chunks_are_fully_committed: 0.
 - uncommit_free_chunks: 1.
 - use_allocation_guard: 0.
 - handle_deallocations: 1.


Internal statistics:

num_allocs_failed_limit: 6.
num_arena_births: 288.
num_arena_deaths: 0.
num_vsnodes_births: 9.
num_vsnodes_deaths: 0.
num_space_committed: 1088.
num_space_uncommitted: 0.
num_chunks_returned_to_freelist: 6.
num_chunks_taken_from_freelist: 2492.
num_chunk_merges: 6.
num_chunk_splits: 2042.
num_chunks_enlarged: 1792.
num_purges: 0.
num_inconsistent_stats: 0.

CodeHeap 'non-profiled nmethods': size=120000Kb used=5146Kb max_used=5146Kb free=114853Kb
 bounds [0x0000016e106b0000, 0x0000016e10bc0000, 0x0000016e17be0000]
CodeHeap 'profiled nmethods': size=120000Kb used=25037Kb max_used=25037Kb free=94962Kb
 bounds [0x0000016e08be0000, 0x0000016e0a460000, 0x0000016e10110000]
CodeHeap 'non-nmethods': size=5760Kb used=1375Kb max_used=1419Kb free=4384Kb
 bounds [0x0000016e10110000, 0x0000016e10380000, 0x0000016e106b0000]
 total_blobs=9796 nmethods=9111 adapters=595
 compilation: enabled
              stopped_count=0, restarted_count=0
 full_count=0

Compilation events (20 events):
Event: 14.744 Thread 0x0000016e24879640 nmethod 10626 0x0000016e0a44a990 code [0x0000016e0a44ac20, 0x0000016e0a44b848]
Event: 14.744 Thread 0x0000016e24879640 10629       3       org.jetbrains.kotlin.backend.common.ir.ExpectSymbolTransformer::visitCall (109 bytes)
Event: 14.746 Thread 0x0000016e24879640 nmethod 10629 0x0000016e0a44bc90 code [0x0000016e0a44c2c0, 0x0000016e0a44f638]
Event: 14.746 Thread 0x0000016e24879640 10611       3       org.jetbrains.kotlin.ir.visitors.IrElementTransformerVoid::visitBlockBody (16 bytes)
Event: 14.747 Thread 0x0000016e24879640 nmethod 10611 0x0000016e0a450710 code [0x0000016e0a4509c0, 0x0000016e0a4516c8]
Event: 14.747 Thread 0x0000016e24879640 10627       3       org.jetbrains.kotlin.ir.declarations.IrProperty::transformChildren (82 bytes)
Event: 14.749 Thread 0x0000016e24879640 nmethod 10627 0x0000016e0a451b90 code [0x0000016e0a4521c0, 0x0000016e0a455aa8]
Event: 14.749 Thread 0x0000016e24879640 10628       1       org.jetbrains.kotlin.descriptors.impl.PropertyAccessorDescriptorImpl::isActual (2 bytes)
Event: 14.749 Thread 0x0000016e24879640 nmethod 10628 0x0000016e10bb6390 code [0x0000016e10bb6520, 0x0000016e10bb65f8]
Event: 14.749 Thread 0x0000016e24879640 10625       1       org.jetbrains.kotlin.ir.declarations.impl.IrFunctionCommonImpl::isExpect (5 bytes)
Event: 14.749 Thread 0x0000016e24879640 nmethod 10625 0x0000016e10bb6690 code [0x0000016e10bb6820, 0x0000016e10bb68f8]
Event: 14.752 Thread 0x0000016e24875750 10633       4       jdk.internal.loader.BuiltinClassLoader::loadClassOrNull (7 bytes)
Event: 14.754 Thread 0x0000016e24879640 10635       2       java.lang.ClassLoader::definePackage (85 bytes)
Event: 14.754 Thread 0x0000016e24879640 nmethod 10635 0x0000016e0a456990 code [0x0000016e0a456bc0, 0x0000016e0a457198]
Event: 14.758 Thread 0x0000016e24879640 10636   !   2       jdk.internal.loader.BuiltinClassLoader::loadClassOrNull (143 bytes)
Event: 14.759 Thread 0x0000016e24879640 nmethod 10636 0x0000016e0a457510 code [0x0000016e0a457760, 0x0000016e0a457e18]
Event: 14.771 Thread 0x0000016e24879640 10639       2       java.lang.ClassLoader::getNamedPackage (73 bytes)
Event: 14.771 Thread 0x0000016e24879640 nmethod 10639 0x0000016e0a458410 code [0x0000016e0a4585e0, 0x0000016e0a4588a8]
Event: 14.771 Thread 0x0000016e24879640 10641       2       jdk.internal.loader.BuiltinClassLoader::getAndVerifyPackage (113 bytes)
Event: 14.772 Thread 0x0000016e24879640 nmethod 10641 0x0000016e0a458a10 code [0x0000016e0a458cc0, 0x0000016e0a459488]

GC Heap History (20 events):
Event: 7.264 GC heap after
{Heap after GC invocations=13 (full 0):
 garbage-first heap   total 102400K, used 45122K [0x0000000705800000, 0x0000000800000000)
  region size 2048K, 2 young (4096K), 2 survivors (4096K)
 Metaspace       used 50958K, committed 51264K, reserved 1097728K
  class space    used 6074K, committed 6208K, reserved 1048576K
}
Event: 7.763 GC heap before
{Heap before GC invocations=13 (full 0):
 garbage-first heap   total 102400K, used 75842K [0x0000000705800000, 0x0000000800000000)
  region size 2048K, 17 young (34816K), 2 survivors (4096K)
 Metaspace       used 51015K, committed 51328K, reserved 1097728K
  class space    used 6074K, committed 6208K, reserved 1048576K
}
Event: 7.776 GC heap after
{Heap after GC invocations=14 (full 0):
 garbage-first heap   total 102400K, used 48104K [0x0000000705800000, 0x0000000800000000)
  region size 2048K, 2 young (4096K), 2 survivors (4096K)
 Metaspace       used 51015K, committed 51328K, reserved 1097728K
  class space    used 6074K, committed 6208K, reserved 1048576K
}
Event: 8.095 GC heap before
{Heap before GC invocations=14 (full 0):
 garbage-first heap   total 102400K, used 76776K [0x0000000705800000, 0x0000000800000000)
  region size 2048K, 16 young (32768K), 2 survivors (4096K)
 Metaspace       used 51026K, committed 51328K, reserved 1097728K
  class space    used 6074K, committed 6208K, reserved 1048576K
}
Event: 8.103 GC heap after
{Heap after GC invocations=15 (full 0):
 garbage-first heap   total 126976K, used 50922K [0x0000000705800000, 0x0000000800000000)
  region size 2048K, 2 young (4096K), 2 survivors (4096K)
 Metaspace       used 51026K, committed 51328K, reserved 1097728K
  class space    used 6074K, committed 6208K, reserved 1048576K
}
Event: 8.299 GC heap before
{Heap before GC invocations=16 (full 0):
 garbage-first heap   total 126976K, used 91882K [0x0000000705800000, 0x0000000800000000)
  region size 2048K, 22 young (45056K), 2 survivors (4096K)
 Metaspace       used 51028K, committed 51328K, reserved 1097728K
  class space    used 6075K, committed 6208K, reserved 1048576K
}
Event: 8.309 GC heap after
{Heap after GC invocations=17 (full 0):
 garbage-first heap   total 126976K, used 55609K [0x0000000705800000, 0x0000000800000000)
  region size 2048K, 3 young (6144K), 3 survivors (6144K)
 Metaspace       used 51028K, committed 51328K, reserved 1097728K
  class space    used 6075K, committed 6208K, reserved 1048576K
}
Event: 8.312 GC heap before
{Heap before GC invocations=17 (full 0):
 garbage-first heap   total 126976K, used 57657K [0x0000000705800000, 0x0000000800000000)
  region size 2048K, 4 young (8192K), 3 survivors (6144K)
 Metaspace       used 51028K, committed 51328K, reserved 1097728K
  class space    used 6075K, committed 6208K, reserved 1048576K
}
Event: 8.321 GC heap after
{Heap after GC invocations=18 (full 0):
 garbage-first heap   total 126976K, used 56515K [0x0000000705800000, 0x0000000800000000)
  region size 2048K, 1 young (2048K), 1 survivors (2048K)
 Metaspace       used 51028K, committed 51328K, reserved 1097728K
  class space    used 6075K, committed 6208K, reserved 1048576K
}
Event: 9.790 GC heap before
{Heap before GC invocations=18 (full 0):
 garbage-first heap   total 126976K, used 95427K [0x0000000705800000, 0x0000000800000000)
  region size 2048K, 20 young (40960K), 1 survivors (2048K)
 Metaspace       used 56228K, committed 56512K, reserved 1105920K
  class space    used 6755K, committed 6912K, reserved 1048576K
}
Event: 9.803 GC heap after
{Heap after GC invocations=19 (full 0):
 garbage-first heap   total 126976K, used 60894K [0x0000000705800000, 0x0000000800000000)
  region size 2048K, 3 young (6144K), 3 survivors (6144K)
 Metaspace       used 56228K, committed 56512K, reserved 1105920K
  class space    used 6755K, committed 6912K, reserved 1048576K
}
Event: 11.305 GC heap before
{Heap before GC invocations=20 (full 0):
 garbage-first heap   total 126976K, used 95710K [0x0000000705800000, 0x0000000800000000)
  region size 2048K, 20 young (40960K), 3 survivors (6144K)
 Metaspace       used 59320K, committed 59584K, reserved 1105920K
  class space    used 6987K, committed 7104K, reserved 1048576K
}
Event: 11.321 GC heap after
{Heap after GC invocations=21 (full 0):
 garbage-first heap   total 126976K, used 65581K [0x0000000705800000, 0x0000000800000000)
  region size 2048K, 3 young (6144K), 3 survivors (6144K)
 Metaspace       used 59320K, committed 59584K, reserved 1105920K
  class space    used 6987K, committed 7104K, reserved 1048576K
}
Event: 12.130 GC heap before
{Heap before GC invocations=21 (full 0):
 garbage-first heap   total 126976K, used 98349K [0x0000000705800000, 0x0000000800000000)
  region size 2048K, 19 young (38912K), 3 survivors (6144K)
 Metaspace       used 60081K, committed 60352K, reserved 1105920K
  class space    used 7034K, committed 7168K, reserved 1048576K
}
Event: 12.150 GC heap after
{Heap after GC invocations=22 (full 0):
 garbage-first heap   total 126976K, used 71964K [0x0000000705800000, 0x0000000800000000)
  region size 2048K, 3 young (6144K), 3 survivors (6144K)
 Metaspace       used 60081K, committed 60352K, reserved 1105920K
  class space    used 7034K, committed 7168K, reserved 1048576K
}
Event: 13.070 GC heap before
{Heap before GC invocations=23 (full 0):
 garbage-first heap   total 131072K, used 94492K [0x0000000705800000, 0x0000000800000000)
  region size 2048K, 15 young (30720K), 3 survivors (6144K)
 Metaspace       used 61538K, committed 61760K, reserved 1105920K
  class space    used 7115K, committed 7232K, reserved 1048576K
}
Event: 13.082 GC heap after
{Heap after GC invocations=24 (full 0):
 garbage-first heap   total 131072K, used 74245K [0x0000000705800000, 0x0000000800000000)
  region size 2048K, 2 young (4096K), 2 survivors (4096K)
 Metaspace       used 61538K, committed 61760K, reserved 1105920K
  class space    used 7115K, committed 7232K, reserved 1048576K
}
Event: 14.004 GC heap before
{Heap before GC invocations=25 (full 0):
 garbage-first heap   total 133120K, used 102917K [0x0000000705800000, 0x0000000800000000)
  region size 2048K, 16 young (32768K), 2 survivors (4096K)
 Metaspace       used 66809K, committed 67072K, reserved 1114112K
  class space    used 7628K, committed 7744K, reserved 1048576K
}
Event: 14.013 GC heap after
{Heap after GC invocations=26 (full 0):
 garbage-first heap   total 133120K, used 79266K [0x0000000705800000, 0x0000000800000000)
  region size 2048K, 2 young (4096K), 2 survivors (4096K)
 Metaspace       used 66809K, committed 67072K, reserved 1114112K
  class space    used 7628K, committed 7744K, reserved 1048576K
}
Event: 14.774 GC heap before
{Heap before GC invocations=26 (full 0):
 garbage-first heap   total 133120K, used 103842K [0x0000000705800000, 0x0000000800000000)
  region size 2048K, 14 young (28672K), 2 survivors (4096K)
 Metaspace       used 69495K, committed 69760K, reserved 1114112K
  class space    used 7860K, committed 8000K, reserved 1048576K
}

Dll operation events (2 events):
Event: 0.006 Loaded shared library C:\Program Files\Android\Android Studio Flamingo\jbr\bin\java.dll
Event: 2.213 Loaded shared library C:\Program Files\Android\Android Studio Flamingo\jbr\bin\verify.dll

Deoptimization events (20 events):
Event: 14.687 Thread 0x0000016e03f279d0 Uncommon trap: trap_request=0xffffff45 fr.pc=0x0000016e10b29010 relative=0x00000000000059d0
Event: 14.687 Thread 0x0000016e03f279d0 Uncommon trap: reason=unstable_if action=reinterpret pc=0x0000016e10b29010 method=org.jetbrains.org.objectweb.asm.ClassReader.readMethod(Lorg/jetbrains/org/objectweb/asm/ClassVisitor;Lorg/jetbrains/org/objectweb/asm/Context;I)I @ 414 c2
Event: 14.687 Thread 0x0000016e03f279d0 DEOPT PACKING pc=0x0000016e10b29010 sp=0x0000001c9f2fcf10
Event: 14.687 Thread 0x0000016e03f279d0 DEOPT UNPACKING pc=0x0000016e1016a1a3 sp=0x0000001c9f2fce98 mode 2
Event: 14.769 Thread 0x0000016e03f279d0 Uncommon trap: trap_request=0xffffffde fr.pc=0x0000016e10a3d624 relative=0x0000000000000084
Event: 14.769 Thread 0x0000016e03f279d0 Uncommon trap: reason=class_check action=maybe_recompile pc=0x0000016e10a3d624 method=kotlin.collections.AbstractMutableList.size()I @ 1 c2
Event: 14.769 Thread 0x0000016e03f279d0 DEOPT PACKING pc=0x0000016e10a3d624 sp=0x0000001c9f2fd0b0
Event: 14.769 Thread 0x0000016e03f279d0 DEOPT UNPACKING pc=0x0000016e1016a1a3 sp=0x0000001c9f2fd040 mode 2
Event: 14.769 Thread 0x0000016e03f279d0 Uncommon trap: trap_request=0xffffffde fr.pc=0x0000016e10a3d624 relative=0x0000000000000084
Event: 14.769 Thread 0x0000016e03f279d0 Uncommon trap: reason=class_check action=maybe_recompile pc=0x0000016e10a3d624 method=kotlin.collections.AbstractMutableList.size()I @ 1 c2
Event: 14.769 Thread 0x0000016e03f279d0 DEOPT PACKING pc=0x0000016e10a3d624 sp=0x0000001c9f2fd0a0
Event: 14.769 Thread 0x0000016e03f279d0 DEOPT UNPACKING pc=0x0000016e1016a1a3 sp=0x0000001c9f2fd030 mode 2
Event: 14.769 Thread 0x0000016e03f279d0 Uncommon trap: trap_request=0xffffffde fr.pc=0x0000016e10a3d624 relative=0x0000000000000084
Event: 14.769 Thread 0x0000016e03f279d0 Uncommon trap: reason=class_check action=maybe_recompile pc=0x0000016e10a3d624 method=kotlin.collections.AbstractMutableList.size()I @ 1 c2
Event: 14.769 Thread 0x0000016e03f279d0 DEOPT PACKING pc=0x0000016e10a3d624 sp=0x0000001c9f2fd0b0
Event: 14.769 Thread 0x0000016e03f279d0 DEOPT UNPACKING pc=0x0000016e1016a1a3 sp=0x0000001c9f2fd040 mode 2
Event: 14.769 Thread 0x0000016e03f279d0 Uncommon trap: trap_request=0xffffffde fr.pc=0x0000016e10a3d624 relative=0x0000000000000084
Event: 14.769 Thread 0x0000016e03f279d0 Uncommon trap: reason=class_check action=maybe_recompile pc=0x0000016e10a3d624 method=kotlin.collections.AbstractMutableList.size()I @ 1 c2
Event: 14.769 Thread 0x0000016e03f279d0 DEOPT PACKING pc=0x0000016e10a3d624 sp=0x0000001c9f2fd150
Event: 14.769 Thread 0x0000016e03f279d0 DEOPT UNPACKING pc=0x0000016e1016a1a3 sp=0x0000001c9f2fd0e0 mode 2

Classes unloaded (0 events):
No events

Classes redefined (0 events):
No events

Internal exceptions (20 events):
Event: 5.873 Thread 0x0000016e03f279d0 Exception <a 'java/lang/NoSuchMethodError'{0x0000000712d67c08}: 'java.lang.Object java.lang.invoke.Invokers$Holder.linkToTargetMethod(java.lang.Object, java.lang.Object, int, java.lang.Object)'> (0x0000000712d67c08) 
thrown [s\src\hotspot\share\interpreter\linkResolver.cpp, line 771]
Event: 8.570 Thread 0x0000016e03f279d0 Exception <a 'java/lang/NoSuchMethodError'{0x000000070c041e20}: 'java.lang.Object java.lang.invoke.DirectMethodHandle$Holder.newInvokeSpecial(java.lang.Object, java.lang.Object, java.lang.Object, java.lang.Object, java.lang.Object, java.lang.Object)'> (0x000000070c041e20) 
thrown [s\src\hotspot\share\interpreter\linkResolver.cpp, line 771]
Event: 8.675 Thread 0x0000016e03f279d0 Exception <a 'java/lang/NoSuchMethodError'{0x000000070bc194e8}: 'int java.lang.invoke.DirectMethodHandle$Holder.invokeStaticInit(java.lang.Object, int)'> (0x000000070bc194e8) 
thrown [s\src\hotspot\share\interpreter\linkResolver.cpp, line 771]
Event: 8.823 Thread 0x0000016e03f279d0 Implicit null exception at 0x0000016e108cea0f to 0x0000016e108cea40
Event: 8.899 Thread 0x0000016e03f279d0 Implicit null exception at 0x0000016e1093c9b7 to 0x0000016e1093cd80
Event: 9.085 Thread 0x0000016e03f279d0 Implicit null exception at 0x0000016e10937a8b to 0x0000016e10937ca0
Event: 9.089 Thread 0x0000016e03f279d0 Implicit null exception at 0x0000016e106faa94 to 0x0000016e106facac
Event: 9.705 Thread 0x0000016e03f279d0 Exception <a 'java/lang/NoSuchMethodError'{0x000000070af5e810}: 'java.lang.Object java.lang.invoke.DirectMethodHandle$Holder.invokeStatic(java.lang.Object, java.lang.Object, java.lang.Object, java.lang.Object, int)'> (0x000000070af5e810) 
thrown [s\src\hotspot\share\interpreter\linkResolver.cpp, line 771]
Event: 9.706 Thread 0x0000016e03f279d0 Exception <a 'java/lang/NoSuchMethodError'{0x000000070af68158}: 'java.lang.Object java.lang.invoke.DirectMethodHandle$Holder.newInvokeSpecial(java.lang.Object, java.lang.Object, java.lang.Object, java.lang.Object, int)'> (0x000000070af68158) 
thrown [s\src\hotspot\share\interpreter\linkResolver.cpp, line 771]
Event: 9.706 Thread 0x0000016e03f279d0 Exception <a 'java/lang/NoSuchMethodError'{0x000000070af6ff80}: 'java.lang.Object java.lang.invoke.Invokers$Holder.linkToTargetMethod(java.lang.Object, java.lang.Object, java.lang.Object, int, java.lang.Object)'> (0x000000070af6ff80) 
thrown [s\src\hotspot\share\interpreter\linkResolver.cpp, line 771]
Event: 10.099 Thread 0x0000016e03f279d0 Implicit null exception at 0x0000016e107d2e95 to 0x0000016e107d2f84
Event: 10.099 Thread 0x0000016e03f279d0 Implicit null exception at 0x0000016e107146d8 to 0x0000016e1071476e
Event: 10.119 Thread 0x0000016e03f279d0 Implicit null exception at 0x0000016e1074010f to 0x0000016e10740189
Event: 10.794 Thread 0x0000016e03f279d0 Exception <a 'java/lang/NoSuchMethodError'{0x000000070be53568}: 'java.lang.Object java.lang.invoke.DirectMethodHandle$Holder.newInvokeSpecial(java.lang.Object, java.lang.Object, java.lang.Object, java.lang.Object, java.lang.Object, java.lang.Object, java.lang.Object, java.lang.Object)'> (0x000000070be53568) 
thrown [s\src\hotspot\share\interpreter\linkResolver.cpp, line 771]
Event: 10.795 Thread 0x0000016e03f279d0 Exception <a 'java/lang/NoSuchMethodError'{0x000000070be58b80}: 'java.lang.Object java.lang.invoke.DirectMethodHandle$Holder.invokeSpecial(java.lang.Object, java.lang.Object, java.lang.Object, java.lang.Object, java.lang.Object, java.lang.Object, java.lang.Object, java.lang.Object, java.lang.Object)'> (0x000000070be58b80) 
thrown [s\src\hotspot\share\interpreter\linkResolver.cpp, line 771]
Event: 10.795 Thread 0x0000016e03f279d0 Exception <a 'java/lang/NoSuchMethodError'{0x000000070be5dab0}: 'java.lang.Object java.lang.invoke.Invokers$Holder.linkToTargetMethod(java.lang.Object, java.lang.Object, java.lang.Object, java.lang.Object, java.lang.Object, java.lang.Object, java.lang.Object, java.lang.Object)'> (0x000000070be5dab0) 
thrown [s\src\hotspot\share\interpreter\linkResolver.cpp, line 771]
Event: 11.183 Thread 0x0000016e03f279d0 Exception <a 'java/lang/NoSuchMethodError'{0x000000070b5fee70}: 'java.lang.Object java.lang.invoke.DirectMethodHandle$Holder.invokeStaticInit(java.lang.Object, java.lang.Object, java.lang.Object)'> (0x000000070b5fee70) 
thrown [s\src\hotspot\share\interpreter\linkResolver.cpp, line 771]
Event: 11.681 Thread 0x0000016e03f279d0 Exception <a 'java/lang/NoSuchMethodError'{0x000000070c793d60}: 'int java.lang.invoke.DirectMethodHandle$Holder.invokeInterface(java.lang.Object, java.lang.Object)'> (0x000000070c793d60) 
thrown [s\src\hotspot\share\interpreter\linkResolver.cpp, line 771]
Event: 11.690 Thread 0x0000016e03f279d0 Exception <a 'java/lang/NoSuchMethodError'{0x000000070c7d2430}: 'java.lang.Object java.lang.invoke.DirectMethodHandle$Holder.newInvokeSpecial(java.lang.Object, int, java.lang.Object)'> (0x000000070c7d2430) 
thrown [s\src\hotspot\share\interpreter\linkResolver.cpp, line 771]
Event: 11.719 Thread 0x0000016e03f279d0 Exception <a 'java/lang/NoSuchMethodError'{0x000000070c442e20}: 'java.lang.Object java.lang.invoke.DirectMethodHandle$Holder.invokeStatic(java.lang.Object, int, java.lang.Object)'> (0x000000070c442e20) 
thrown [s\src\hotspot\share\interpreter\linkResolver.cpp, line 771]

VM Operations (20 events):
Event: 14.661 Executing VM operation: HandshakeAllThreads done
Event: 14.663 Executing VM operation: HandshakeAllThreads
Event: 14.663 Executing VM operation: HandshakeAllThreads done
Event: 14.663 Executing VM operation: HandshakeAllThreads
Event: 14.663 Executing VM operation: HandshakeAllThreads done
Event: 14.673 Executing VM operation: ICBufferFull
Event: 14.673 Executing VM operation: ICBufferFull done
Event: 14.681 Executing VM operation: HandshakeAllThreads
Event: 14.681 Executing VM operation: HandshakeAllThreads done
Event: 14.695 Executing VM operation: HandshakeAllThreads
Event: 14.695 Executing VM operation: HandshakeAllThreads done
Event: 14.696 Executing VM operation: HandshakeAllThreads
Event: 14.696 Executing VM operation: HandshakeAllThreads done
Event: 14.703 Executing VM operation: HandshakeAllThreads
Event: 14.703 Executing VM operation: HandshakeAllThreads done
Event: 14.734 Executing VM operation: HandshakeAllThreads
Event: 14.734 Executing VM operation: HandshakeAllThreads done
Event: 14.760 Executing VM operation: HandshakeAllThreads
Event: 14.760 Executing VM operation: HandshakeAllThreads done
Event: 14.774 Executing VM operation: G1CollectForAllocation

Events (20 events):
Event: 13.785 Thread 0x0000016e2487a810 flushing nmethod 0x0000016e09f13490
Event: 13.785 Thread 0x0000016e2487a810 flushing nmethod 0x0000016e09f4e510
Event: 13.785 Thread 0x0000016e2487a810 flushing nmethod 0x0000016e09f67310
Event: 13.785 Thread 0x0000016e2487a810 flushing nmethod 0x0000016e09f70d90
Event: 13.785 Thread 0x0000016e2487a810 flushing nmethod 0x0000016e09f7a610
Event: 13.786 Thread 0x0000016e2487a810 flushing nmethod 0x0000016e0a029690
Event: 13.786 Thread 0x0000016e2487a810 flushing nmethod 0x0000016e0a0c0810
Event: 13.786 Thread 0x0000016e2487a810 flushing nmethod 0x0000016e0a0c1890
Event: 13.786 Thread 0x0000016e2487a810 flushing nmethod 0x0000016e0a0f4190
Event: 13.786 Thread 0x0000016e2487a810 flushing nmethod 0x0000016e0a124390
Event: 13.786 Thread 0x0000016e2487a810 flushing nmethod 0x0000016e0a137a10
Event: 13.787 Thread 0x0000016e2487a810 flushing nmethod 0x0000016e0a185590
Event: 13.787 Thread 0x0000016e2487a810 flushing nmethod 0x0000016e0a18cb90
Event: 13.787 Thread 0x0000016e2487a810 flushing nmethod 0x0000016e0a19b590
Event: 13.787 Thread 0x0000016e2487a810 flushing nmethod 0x0000016e0a1eb710
Event: 13.787 Thread 0x0000016e2487a810 flushing nmethod 0x0000016e0a206710
Event: 13.787 Thread 0x0000016e2487a810 flushing nmethod 0x0000016e0a20f690
Event: 13.787 Thread 0x0000016e2487a810 flushing nmethod 0x0000016e0a258d10
Event: 14.630 Thread 0x0000016e2487a810 flushing nmethod 0x0000016e108dc210
Event: 14.631 Thread 0x0000016e2487a810 flushing nmethod 0x0000016e08cb6490


Dynamic libraries:
0x00007ff611480000 - 0x00007ff61148a000 	C:\Program Files\Android\Android Studio Flamingo\jbr\bin\java.exe
0x00007ffcd3eb0000 - 0x00007ffcd40a6000 	C:\Windows\SYSTEM32\ntdll.dll
0x00007ffcd2930000 - 0x00007ffcd29ed000 	C:\Windows\System32\KERNEL32.DLL
0x00007ffcd16d0000 - 0x00007ffcd1999000 	C:\Windows\System32\KERNELBASE.dll
0x00007ffcd1b90000 - 0x00007ffcd1c90000 	C:\Windows\System32\ucrtbase.dll
0x00007ffcb8f00000 - 0x00007ffcb8f1b000 	C:\Program Files\Android\Android Studio Flamingo\jbr\bin\VCRUNTIME140.dll
0x00007ffcc8430000 - 0x00007ffcc8447000 	C:\Program Files\Android\Android Studio Flamingo\jbr\bin\jli.dll
0x00007ffcd1ee0000 - 0x00007ffcd2080000 	C:\Windows\System32\USER32.dll
0x00007ffcb3090000 - 0x00007ffcb332b000 	C:\Windows\WinSxS\amd64_microsoft.windows.common-controls_6595b64144ccf1df_6.0.19041.746_none_ca02b4b61b8320a4\COMCTL32.dll
0x00007ffcd3350000 - 0x00007ffcd33ee000 	C:\Windows\System32\msvcrt.dll
0x00007ffcd33f0000 - 0x00007ffcd341a000 	C:\Windows\System32\GDI32.dll
0x00007ffcd19a0000 - 0x00007ffcd19c2000 	C:\Windows\System32\win32u.dll
0x00007ffcd15c0000 - 0x00007ffcd16cb000 	C:\Windows\System32\gdi32full.dll
0x00007ffcd1e40000 - 0x00007ffcd1edd000 	C:\Windows\System32\msvcp_win.dll
0x00007ffcd2d30000 - 0x00007ffcd2d60000 	C:\Windows\System32\IMM32.DLL
0x00007ffcc6b40000 - 0x00007ffcc6b4c000 	C:\Program Files\Android\Android Studio Flamingo\jbr\bin\vcruntime140_1.dll
0x00007ffc77bf0000 - 0x00007ffc77c7d000 	C:\Program Files\Android\Android Studio Flamingo\jbr\bin\msvcp140.dll
0x00007ffc5e4e0000 - 0x00007ffc5f14e000 	C:\Program Files\Android\Android Studio Flamingo\jbr\bin\server\jvm.dll
0x00007ffcd2ba0000 - 0x00007ffcd2c4c000 	C:\Windows\System32\ADVAPI32.dll
0x00007ffcd2080000 - 0x00007ffcd211c000 	C:\Windows\System32\sechost.dll
0x00007ffcd2dd0000 - 0x00007ffcd2efb000 	C:\Windows\System32\RPCRT4.dll
0x00007ffccb6c0000 - 0x00007ffccb6c9000 	C:\Windows\SYSTEM32\WSOCK32.dll
0x00007ffcc0380000 - 0x00007ffcc03a7000 	C:\Windows\SYSTEM32\WINMM.dll
0x00007ffcd2f00000 - 0x00007ffcd2f6b000 	C:\Windows\System32\WS2_32.dll
0x00007ffcc7ae0000 - 0x00007ffcc7aea000 	C:\Windows\SYSTEM32\VERSION.dll
0x00007ffccfee0000 - 0x00007ffccfef2000 	C:\Windows\SYSTEM32\kernel.appcore.dll
0x00007ffccb6a0000 - 0x00007ffccb6aa000 	C:\Program Files\Android\Android Studio Flamingo\jbr\bin\jimage.dll
0x00007ffccfa00000 - 0x00007ffccfbe4000 	C:\Windows\SYSTEM32\DBGHELP.DLL
0x00007ffca4190000 - 0x00007ffca41bc000 	C:\Windows\SYSTEM32\dbgcore.DLL
0x00007ffcd19d0000 - 0x00007ffcd1a50000 	C:\Windows\System32\bcryptPrimitives.dll
0x00007ffcc8560000 - 0x00007ffcc8585000 	C:\Program Files\Android\Android Studio Flamingo\jbr\bin\java.dll
0x00007ffcc8600000 - 0x00007ffcc8618000 	C:\Program Files\Android\Android Studio Flamingo\jbr\bin\zip.dll
0x00007ffcd2120000 - 0x00007ffcd2862000 	C:\Windows\System32\SHELL32.dll
0x00007ffccf1a0000 - 0x00007ffccf930000 	C:\Windows\SYSTEM32\windows.storage.dll
0x00007ffcd2f70000 - 0x00007ffcd32c6000 	C:\Windows\System32\combase.dll
0x00007ffcd0f50000 - 0x00007ffcd0f7c000 	C:\Windows\SYSTEM32\Wldp.dll
0x00007ffcd3550000 - 0x00007ffcd35fe000 	C:\Windows\System32\SHCORE.dll
0x00007ffcd3420000 - 0x00007ffcd3475000 	C:\Windows\System32\shlwapi.dll
0x00007ffcd14f0000 - 0x00007ffcd1516000 	C:\Windows\SYSTEM32\profapi.dll
0x00007ffcc8520000 - 0x00007ffcc8539000 	C:\Program Files\Android\Android Studio Flamingo\jbr\bin\net.dll
0x00007ffcc9990000 - 0x00007ffcc9a90000 	C:\Windows\SYSTEM32\WINHTTP.dll
0x00007ffcd0cd0000 - 0x00007ffcd0d3a000 	C:\Windows\system32\mswsock.dll
0x00007ffcc84d0000 - 0x00007ffcc84e6000 	C:\Program Files\Android\Android Studio Flamingo\jbr\bin\nio.dll
0x00007ffcc94a0000 - 0x00007ffcc94b0000 	C:\Program Files\Android\Android Studio Flamingo\jbr\bin\verify.dll

dbghelp: loaded successfully - version: 4.0.5 - missing functions: none
symbol engine: initialized successfully - sym options: 0x614 - pdb path: .;C:\Program Files\Android\Android Studio Flamingo\jbr\bin;C:\Windows\SYSTEM32;C:\Windows\WinSxS\amd64_microsoft.windows.common-controls_6595b64144ccf1df_6.0.19041.746_none_ca02b4b61b8320a4;C:\Program Files\Android\Android Studio Flamingo\jbr\bin\server

VM Arguments:
java_command: org.jetbrains.kotlin.cli.jvm.K2JVMCompiler @C:\Users\ramil\AndroidStudioProjects\Apllications\BarApp\app\build\20240204_3501368117118741557.compiler.options
java_class_path (initial): C:\Users\ramil\.gradle\caches\modules-2\files-2.1\org.jetbrains.kotlin\kotlin-compiler-embeddable\1.9.0\2c8c3a7402becca891f12739b3e9fd2dc2adbd7a\kotlin-compiler-embeddable-1.9.0.jar;C:\Users\ramil\.gradle\caches\modules-2\files-2.1\org.jetbrains.kotlin\kotlin-stdlib\1.9.0\8ee15ef0c67dc83d874f412d84378d7f0eb50b63\kotlin-stdlib-1.9.0.jar;C:\Users\ramil\.gradle\caches\modules-2\files-2.1\org.jetbrains.kotlin\kotlin-script-runtime\1.9.0\4b3102cbbb7e1b58d9d1adf89563f00069ffa7d1\kotlin-script-runtime-1.9.0.jar;C:\Users\ramil\.gradle\caches\modules-2\files-2.1\org.jetbrains.kotlin\kotlin-reflect\1.6.10\1cbe9c92c12a94eea200d23c2bbaedaf3daf5132\kotlin-reflect-1.6.10.jar;C:\Users\ramil\.gradle\caches\modules-2\files-2.1\org.jetbrains.kotlin\kotlin-daemon-embeddable\1.9.0\186543f5e28cf8d9a0290fecc2cf34301c40a65c\kotlin-daemon-embeddable-1.9.0.jar;C:\Users\ramil\.gradle\caches\modules-2\files-2.1\org.jetbrains.intellij.deps\trove4j\1.0.20200330\3afb14d5f9ceb459d724e907a21145e8ff394f02\trove4j-1.0.20200330.jar;C:\Users\ramil\.gradle\caches\modules-2\files-2.1\org.jetbrains.kotlin\kotlin-stdlib-common\1.9.0\cd65c21cfd1eec4d44ef09f9f52b6d9f8a720636\kotlin-stdlib-common-1.9.0.jar;C:\Users\ramil\.gradle\caches\modules-2\files-2.1\org.jetbrains\annotations\13.0\919f0dfe192fb4e063e7dacadee7f8bb9a2672a9\annotations-13.0.jar
Launcher Type: SUN_STANDARD

[Global flags]
     intx CICompilerCount                          = 3                                         {product} {ergonomic}
     uint ConcGCThreads                            = 1                                         {product} {ergonomic}
     uint G1ConcRefinementThreads                  = 4                                         {product} {ergonomic}
   size_t G1HeapRegionSize                         = 2097152                                   {product} {ergonomic}
    uintx GCDrainStackTargetSize                   = 64                                        {product} {ergonomic}
   size_t InitialHeapSize                          = 264241152                                 {product} {ergonomic}
   size_t MarkStackSize                            = 4194304                                   {product} {ergonomic}
   size_t MaxHeapSize                              = 4202692608                                {product} {ergonomic}
   size_t MaxNewSize                               = 2520776704                                {product} {ergonomic}
   size_t MinHeapDeltaBytes                        = 2097152                                   {product} {ergonomic}
   size_t MinHeapSize                              = 8388608                                   {product} {ergonomic}
    uintx NonNMethodCodeHeapSize                   = 5832780                                {pd product} {ergonomic}
    uintx NonProfiledCodeHeapSize                  = 122912730                              {pd product} {ergonomic}
    uintx ProfiledCodeHeapSize                     = 122912730                              {pd product} {ergonomic}
    uintx ReservedCodeCacheSize                    = 251658240                              {pd product} {ergonomic}
     bool SegmentedCodeCache                       = true                                      {product} {ergonomic}
   size_t SoftMaxHeapSize                          = 4202692608                             {manageable} {ergonomic}
     bool UseCompressedClassPointers               = true                           {product lp64_product} {ergonomic}
     bool UseCompressedOops                        = true                           {product lp64_product} {ergonomic}
     bool UseG1GC                                  = true                                      {product} {ergonomic}
     bool UseLargePagesIndividualAllocation        = false                                  {pd product} {ergonomic}

Logging:
Log output configuration:
 #0: stdout all=warning uptime,level,tags
 #1: stderr all=off uptime,level,tags

Environment Variables:
PATH=C:\GTK\bin;C:\Program Files\Eclipse Foundation\jdk-8.0.302.8-hotspot\bin;C:\Windows\system32;C:\Windows;C:\Windows\System32\Wbem;C:\Windows\System32\WindowsPowerShell\v1.0\;D:\Program Files (x86)\Brackets\command;C:\Program Files\dotnet\;C:\Program Files\Microsoft SQL Server\130\Tools\Binn\;C:\Program Files\Microsoft SQL Server\Client SDK\ODBC\170\Tools\Binn\;C:\Program Files (x86)\Common Files\Acronis\SnapAPI\;C:\Program Files (x86)\Microsoft SQL Server\150\Tools\Binn\;C:\Program Files\Microsoft SQL Server\150\Tools\Binn\;C:\Program Files\Microsoft SQL Server\150\DTS\Binn\;C:\Program Files (x86)\Microsoft SQL Server\150\DTS\Binn\;C:\Program Files\Azure Data Studio\bin;D:\Program Files\Git\cmd;C:\Program Files\OpenSSL-Win64\bin;C:\Users\ramil\AppData\Local\Programs\Python\Python310\Scripts\;C:\Users\ramil\AppData\Local\Programs\Python\Python310\;C:\Users\ramil\AppData\Local\Microsoft\WindowsApps;;C:\Program Files\Azure Data Studio\bin;C:\Users\ramil\.dotnet\tools
USERNAME=ramil
OS=Windows_NT
PROCESSOR_IDENTIFIER=Intel64 Family 6 Model 140 Stepping 1, GenuineIntel
TMP=C:\Users\ramil\AppData\Local\Temp
TEMP=C:\Users\ramil\AppData\Local\Temp


JNI global refs:
JNI global refs: 9, weak refs: 2

JNI global refs memory usage: 843, weak refs: 841


---------------  S Y S T E M  ---------------

OS:
 Windows 10 , 64 bit Build 19041 (10.0.19041.782)
OS uptime: 0 days 14:20 hours

CPU: total 4 (initial active 4) (2 cores per cpu, 2 threads per core) family 6 model 140 stepping 1 microcode 0xa4, cx8, cmov, fxsr, ht, mmx, 3dnowpref, sse, sse2, sse3, ssse3, sse4.1, sse4.2, popcnt, lzcnt, tsc, tscinvbit, avx, avx2, aes, erms, clmul, bmi1, bmi2, adx, avx512f, avx512dq, avx512cd, avx512bw, avx512vl, sha, fma, vzeroupper, avx512_vpopcntdq, avx512_vpclmulqdq, avx512_vaes, avx512_vnni, clflush, clflushopt, clwb, avx512_vbmi2, avx512_vbmi

Memory: 4k page, system-wide physical 16025M (408M free)
TotalPageFile size 23025M (AvailPageFile size 40M)
current process WorkingSet (physical memory assigned to process): 327M, peak: 327M
current process commit charge ("private bytes"): 354M, peak: 444M

vm_info: OpenJDK 64-Bit Server VM (17.0.6+0-b2043.56-10027231) for windows-amd64 JRE (17.0.6+0-b2043.56-10027231), built on Apr 28 2023 00:43:19 by "androidbuild" with MS VC++ 16.10 / 16.11 (VS2019)

END.
